#
# A fatal error has been detected by the Java Runtime Environment:
#
#  SIGSEGV (0xb) at pc=0x0000772845aadba4, pid=6084, tid=6124
#
# JRE version: Java(TM) SE Runtime Environment (21.0.3+7) (build 21.0.3+7-LTS-152)
# Java VM: Java HotSpot(TM) 64-Bit Server VM (21.0.3+7-LTS-152, mixed mode, sharing, tiered, compressed oops, compressed class ptrs, g1 gc, linux-amd64)
# Problematic frame:
# V  [libjvm.so+0x8adba4]  IndexSetIterator::advance_and_next()+0xb4
#
# Core dump will be written. Default location: Core dumps may be processed with "/usr/share/apport/apport -p%p -s%s -c%c -d%d -P%P -u%u -g%g -- %E" (or dumping to /home/manou/Documents/project_L3/core.6084)
#
# If you would like to submit a bug report, please visit:
#   https://bugreport.java.com/bugreport/crash.jsp
#

---------------  S U M M A R Y ------------

Command Line: -agentlib:jdwp=transport=dt_socket,address=127.0.0.1:57265,suspend=y,server=n -javaagent:/home/manou/.local/share/JetBrains/Toolbox/apps/intellij-idea-community-edition/plugins/java/lib/rt/debugger-agent.jar -Dkotlinx.coroutines.debug.enable.creation.stack.trace=false -Ddebugger.agent.enable.coroutines=true -Dfile.encoding=UTF-8 -Dsun.stdout.encoding=UTF-8 -Dsun.stderr.encoding=UTF-8 com.chu.canevas.CanevasApplication

Host: Intel(R) Core(TM) i5-6300HQ CPU @ 2.30GHz, 4 cores, 7G, Pop!_OS 22.04 LTS
Time: Tue Nov 19 20:50:25 2024 EAT elapsed time: 5.511326 seconds (0d 0h 0m 5s)

---------------  T H R E A D  ---------------

Current thread (0x00007727900e5860):  JavaThread "C2 CompilerThread1" daemon [_thread_in_native, id=6124, stack(0x0000772824529000,0x0000772824629000) (1024K)]


Current CompileTask:
C2:   5511 4282       4       org.springframework.core.annotation.TypeMappedAnnotations::get (52 bytes)

Stack: [0x0000772824529000,0x0000772824629000],  sp=0x0000772824625080,  free space=1008k
Native frames: (J=compiled Java code, j=interpreted, Vv=VM code, C=native code)
V  [libjvm.so+0x8adba4]  IndexSetIterator::advance_and_next()+0xb4
V  [libjvm.so+0x8a47b2]  PhaseIFG::effective_degree(unsigned int) const+0xc2
V  [libjvm.so+0x8a48e0]  PhaseIFG::Compute_Effective_Degree()+0x40
V  [libjvm.so+0x5a1c40]  PhaseChaitin::Register_Allocate()+0x880
V  [libjvm.so+0x643496]  Compile::Code_Gen()+0x326
V  [libjvm.so+0x6475d4]  Compile::Compile(ciEnv*, ciMethod*, int, Options, DirectiveSet*)+0x1584
V  [libjvm.so+0x57489d]  C2Compiler::compile_method(ciEnv*, ciMethod*, int, bool, DirectiveSet*)+0x17d
V  [libjvm.so+0x64cd67]  CompileBroker::invoke_compiler_on_method(CompileTask*)+0xa97
V  [libjvm.so+0x64fe58]  CompileBroker::compiler_thread_loop()+0x6a8
V  [libjvm.so+0x8f9008]  JavaThread::thread_main_inner() [clone .part.0]+0xb8
V  [libjvm.so+0xe9f178]  Thread::call_run()+0xa8
V  [libjvm.so+0xcc4b6a]  thread_native_entry(Thread*)+0xda

siginfo: si_signo: 11 (SIGSEGV), si_code: 1 (SEGV_MAPERR), si_addr: 0x0000772f91a970e0

Registers:
RAX=0x0000772f91a970e0, RBX=0x00007728246250d0, RCX=0x0000772748942b08, RDX=0x0000000000000032
RSP=0x0000772824625080, RBP=0x00007728246250c0, RSI=0x0000000000005a3b, RDI=0x00007728246250d0
R8 =0x0000772769d6a810, R9 =0x0000000000000010, R10=0x0000772769d6b000, R11=0x0000000000000206
R12=0x0000000000000007, R13=0x0000000000000007, R14=0x0000772846625740, R15=0x00007728246252e0
RIP=0x0000772845aadba4, EFLAGS=0x0000000000010206, CSGSFS=0x002b000000000033, ERR=0x0000000000000004
  TRAPNO=0x000000000000000e


Register to memory mapping:

RAX=0x0000772f91a970e0 is an unknown value
RBX=0x00007728246250d0 is pointing into the stack for thread: 0x00007727900e5860
RCX=0x0000772748942b08 points into unknown readable memory: 0x0000772846625740 | 40 57 62 46 28 77 00 00
RDX=0x0000000000000032 is an unknown value
RSP=0x0000772824625080 is pointing into the stack for thread: 0x00007727900e5860
RBP=0x00007728246250c0 is pointing into the stack for thread: 0x00007727900e5860
RSI=0x0000000000005a3b is an unknown value
RDI=0x00007728246250d0 is pointing into the stack for thread: 0x00007727900e5860
R8 =0x0000772769d6a810 points into unknown readable memory: 0x0000000000000000 | 00 00 00 00 00 00 00 00
R9 =0x0000000000000010 is an unknown value
R10=0x0000772769d6b000 points into unknown readable memory: 0x0000000000000000 | 00 00 00 00 00 00 00 00
R11=0x0000000000000206 is an unknown value
R12=0x0000000000000007 is an unknown value
R13=0x0000000000000007 is an unknown value
R14=0x0000772846625740: <offset 0x0000000001425740> in /usr/local/softwares/java/jdk-21.0.3/lib/server/libjvm.so at 0x0000772845200000
R15=0x00007728246252e0 is pointing into the stack for thread: 0x00007727900e5860

Top of Stack: (sp=0x0000772824625080)
0x0000772824625080:   0000000000000000 000077281dabe780
0x0000772824625090:   0000772824626a80 00007728246250d0
0x00007728246250a0:   0000000000000000 0000772824625240
0x00007728246250b0:   0000000000000002 00007728246252e0
0x00007728246250c0:   0000772824625120 0000772845aa47b2
0x00007728246250d0:   0000000000000000 0000000400000000
0x00007728246250e0:   0000003200000000 0000772f91a970e0
0x00007728246250f0:   0000772748942b08 000077281db86500
0x0000772824625100:   0000000000005a3c 0000772824625240
0x0000772824625110:   000077281d5b36d8 0000772824625210
0x0000772824625120:   0000772824625150 0000772845aa48e0
0x0000772824625130:   0000772824625210 0000772824625550
0x0000772824625140:   0000772824625210 0000772824625340
0x0000772824625150:   0000772824625430 00007728457a1c40
0x0000772824625160:   0000772768c6f4e0 00007728466455b0
0x0000772824625170:   00007728466454f0 000077279006efd0
0x0000772824625180:   00007728246251e0 0000772824625240
0x0000772824625190:   0000772824625280 000077279006efe0
0x00007728246251a0:   000077279006efd0 000077279006efe0
0x00007728246251b0:   0000772824625210 000077279006efd0
0x00007728246251c0:   000077279006efe0 000077279006f3b8
0x00007728246251d0:   00000000000003d8 000000780000007c
0x00007728246251e0:   000000aa00000007 00007727680019f0
0x00007728246251f0:   00007727680019f0 0000772768001a00
0x0000772824625200:   0000772768001dd8 00000000000003d8
0x0000772824625210:   0000772824625207 000077279006efd0
0x0000772824625220:   0000772769d6a800 0000772769d72130
0x0000772824625230:   0000772769d727e8 0000000002966cf0
0x0000772824625240:   000077280000000c 0000772824626a80
0x0000772824625250:   000077281d800020 0000772845eb8e01
0x0000772824625260:   000077281d200020 0000000000006c08
0x0000772824625270:   0000772824625210 000077279006efe0 

Instructions: (pc=0x0000772845aadba4)
0x0000772845aadaa4:   74 30 48 c1 e6 03 31 c0 0f 1f 40 00 4c 8b 41 08
0x0000772845aadab4:   49 8b 51 08 4d 8b 04 00 48 01 c2 48 8b 3a 4c 89
0x0000772845aadac4:   02 48 8b 51 08 48 89 3c 02 48 83 c0 08 48 39 c6
0x0000772845aadad4:   75 da 41 8b 01 8b 11 41 89 11 8b 51 04 89 01 41
0x0000772845aadae4:   8b 41 04 41 89 51 04 89 41 04 c3 90 55 48 89 e5
0x0000772845aadaf4:   41 57 41 56 41 55 41 54 53 48 89 fb 48 83 ec 18
0x0000772845aadb04:   8b 47 0c 83 f8 03 77 65 48 8b 4f 18 89 c2 8d 70
0x0000772845aadb14:   01 48 8d 14 d1 48 83 3a 00 0f 85 3c 01 00 00 83
0x0000772845aadb24:   fe 04 74 49 89 f2 8d 78 02 48 8d 14 d1 48 83 3a
0x0000772845aadb34:   00 0f 85 20 01 00 00 83 ff 04 74 31 89 fa 8d 70
0x0000772845aadb44:   03 48 8d 14 d1 48 83 3a 00 0f 85 92 01 00 00 83
0x0000772845aadb54:   fe 03 75 19 48 83 79 18 00 48 8d 51 18 b8 03 00
0x0000772845aadb64:   00 00 be 04 00 00 00 0f 85 ee 00 00 00 44 8b 63
0x0000772845aadb74:   10 8b 53 14 4c 8d 35 c1 7b b7 00 41 39 d4 0f 82
0x0000772845aadb84:   be 00 00 00 48 83 c4 18 31 c0 5b 41 5c 41 5d 41
0x0000772845aadb94:   5e 41 5f 5d c3 0f 1f 80 00 00 00 00 48 89 43 18
0x0000772845aadba4:   48 83 38 00 48 89 c1 0f 85 e6 00 00 00 48 83 78
0x0000772845aadbb4:   08 00 0f 85 f9 00 00 00 48 83 78 10 00 0f 85 fe
0x0000772845aadbc4:   00 00 00 48 83 78 18 00 0f 85 03 01 00 00 4c 8b
0x0000772845aadbd4:   7b 28 4d 85 ff 74 5e 49 8b 47 08 4a 8b 14 e8 48
0x0000772845aadbe4:   89 55 c8 66 48 8d 3d e1 07 b3 00 66 66 48 e8 89
0x0000772845aadbf4:   f1 9d ff 48 8b 55 c8 48 8b 08 48 8b 89 08 07 00
0x0000772845aadc04:   00 48 8b 89 80 00 00 00 48 8b 89 d8 08 00 00 48
0x0000772845aadc14:   89 0a 48 8b 00 48 8b 80 08 07 00 00 48 8b 80 80
0x0000772845aadc24:   00 00 00 48 89 90 d8 08 00 00 49 8b 47 08 4e 89
0x0000772845aadc34:   34 e8 8b 53 14 41 83 c4 01 41 39 d4 0f 83 42 ff
0x0000772845aadc44:   ff ff 48 8b 43 20 45 89 e5 4a 8b 04 e8 4c 39 f0
0x0000772845aadc54:   74 e3 e9 45 ff ff ff 89 f0 89 fe 8b 4b 10 8d 44
0x0000772845aadc64:   88 fc c1 e0 06 89 43 08 48 8b 12 31 c9 89 73 0c
0x0000772845aadc74:   f3 48 0f bc ca 48 d3 ea 01 c8 48 83 ea 01 89 43
0x0000772845aadc84:   08 48 89 13 48 83 c4 18 5b 41 5c 41 5d 41 5e 41
0x0000772845aadc94:   5f 5d c3 be 01 00 00 00 31 c0 42 8d 04 a0 41 83 


Stack slot to memory mapping:

stack at sp + 0 slots: 0x0 is null
stack at sp + 1 slots: 0x000077281dabe780 points into unknown readable memory: 0x0000006c00000038 | 38 00 00 00 6c 00 00 00
stack at sp + 2 slots: 0x0000772824626a80 is pointing into the stack for thread: 0x00007727900e5860
stack at sp + 3 slots: 0x00007728246250d0 is pointing into the stack for thread: 0x00007727900e5860
stack at sp + 4 slots: 0x0 is null
stack at sp + 5 slots: 0x0000772824625240 is pointing into the stack for thread: 0x00007727900e5860
stack at sp + 6 slots: 0x0000000000000002 is an unknown value
stack at sp + 7 slots: 0x00007728246252e0 is pointing into the stack for thread: 0x00007727900e5860


---------------  P R O C E S S  ---------------

Threads class SMR info:
_java_thread_list=0x000077273c0012d0, length=19, elements={
0x000077284002f130, 0x000077284014c540, 0x000077284014db90, 0x000077284014f670,
0x0000772840150cb0, 0x0000772840152250, 0x0000772840153d90, 0x0000772840155450,
0x000077284016ef10, 0x00007728401ae760, 0x00007728401ca4c0, 0x0000772780001120,
0x00007728401e3ad0, 0x00007727900e5860, 0x00007728407c47f0, 0x00007727500036b0,
0x000077274970f3d0, 0x000077274970b3b0, 0x000077273c0157d0
}

Java Threads: ( => current thread )
  0x000077284002f130 JavaThread "main"                              [_thread_blocked, id=6089, stack(0x0000772845100000,0x0000772845200000) (1024K)]
  0x000077284014c540 JavaThread "Reference Handler"          daemon [_thread_blocked, id=6099, stack(0x00007728251f9000,0x00007728252f9000) (1024K)]
  0x000077284014db90 JavaThread "Finalizer"                  daemon [_thread_blocked, id=6100, stack(0x00007728250f9000,0x00007728251f9000) (1024K)]
  0x000077284014f670 JavaThread "Signal Dispatcher"          daemon [_thread_blocked, id=6101, stack(0x0000772824ff9000,0x00007728250f9000) (1024K)]
  0x0000772840150cb0 JavaThread "Service Thread"             daemon [_thread_blocked, id=6102, stack(0x0000772824ef9000,0x0000772824ff9000) (1024K)]
  0x0000772840152250 JavaThread "Monitor Deflation Thread"   daemon [_thread_blocked, id=6103, stack(0x0000772824df9000,0x0000772824ef9000) (1024K)]
  0x0000772840153d90 JavaThread "C2 CompilerThread0"         daemon [_thread_in_native, id=6104, stack(0x0000772824cf9000,0x0000772824df9000) (1024K)]
  0x0000772840155450 JavaThread "C1 CompilerThread0"         daemon [_thread_blocked, id=6106, stack(0x0000772824b29000,0x0000772824c29000) (1024K)]
  0x000077284016ef10 JavaThread "Common-Cleaner"             daemon [_thread_blocked, id=6114, stack(0x0000772824a29000,0x0000772824b29000) (1024K)]
  0x00007728401ae760 JavaThread "JDWP Transport Listener: dt_socket" daemon [_thread_blocked, id=6116, stack(0x0000772824929000,0x0000772824a29000) (1024K)]
  0x00007728401ca4c0 JavaThread "JDWP Event Helper Thread"   daemon [_thread_blocked, id=6117, stack(0x0000772824829000,0x0000772824929000) (1024K)]
  0x0000772780001120 JavaThread "JDWP Command Reader"        daemon [_thread_in_native, id=6120, stack(0x0000772824729000,0x0000772824829000) (1024K)]
  0x00007728401e3ad0 JavaThread "Notification Thread"        daemon [_thread_blocked, id=6123, stack(0x0000772824629000,0x0000772824729000) (1024K)]
=>0x00007727900e5860 JavaThread "C2 CompilerThread1"         daemon [_thread_in_native, id=6124, stack(0x0000772824529000,0x0000772824629000) (1024K)]
  0x00007728407c47f0 JavaThread "Thread-0"                          [_thread_blocked, id=6132, stack(0x0000772824126000,0x0000772824226000) (1024K)]
  0x00007727500036b0 JavaThread "restartedMain"                     [_thread_blocked, id=6133, stack(0x0000772824026000,0x0000772824126000) (1024K)]
  0x000077274970f3d0 JavaThread "PostgreSQL-JDBC-Cleaner"    daemon [_thread_blocked, id=6141, stack(0x000077281df00000,0x000077281e000000) (1024K)]
  0x000077274970b3b0 JavaThread "HikariPool-1 housekeeper"   daemon [_thread_blocked, id=6142, stack(0x000077281de00000,0x000077281df00000) (1024K)]
  0x000077273c0157d0 JavaThread "HikariPool-1 connection adder" daemon [_thread_in_Java, id=6143, stack(0x000077281dd00000,0x000077281de00000) (1024K)]
Total: 19

Other Threads:
  0x000077284013fc10 VMThread "VM Thread"                           [id=6097, stack(0x00007728252fa000,0x00007728253fa000) (1024K)] _threads_hazard_ptr=0x000077273c0012d0
  0x00007728401259e0 WatcherThread "VM Periodic Task Thread"        [id=6095, stack(0x00007728253fb000,0x00007728254fb000) (1024K)]
  0x0000772840087210 WorkerThread "GC Thread#0"                     [id=6090, stack(0x00007728449e4000,0x0000772844ae4000) (1024K)]
  0x00007727b40072b0 WorkerThread "GC Thread#1"                     [id=6126, stack(0x0000772824429000,0x0000772824529000) (1024K)]
  0x00007727b4007dc0 WorkerThread "GC Thread#2"                     [id=6127, stack(0x0000772824328000,0x0000772824428000) (1024K)]
  0x00007727b4010450 WorkerThread "GC Thread#3"                     [id=6128, stack(0x0000772824227000,0x0000772824327000) (1024K)]
  0x0000772840097cc0 ConcurrentGCThread "G1 Main Marker"            [id=6091, stack(0x0000772844100000,0x0000772844200000) (1024K)]
  0x0000772840098c60 WorkerThread "G1 Conc#0"                       [id=6092, stack(0x000077283ff00000,0x0000772840000000) (1024K)]
  0x0000772840112760 ConcurrentGCThread "G1 Refine#0"               [id=6093, stack(0x00007728255fd000,0x00007728256fd000) (1024K)]
  0x0000772840113710 ConcurrentGCThread "G1 Service"                [id=6094, stack(0x00007728254fc000,0x00007728255fc000) (1024K)]
Total: 10

Threads with active compile tasks:
C2 CompilerThread0     5561 4840       4       sun.security.util.math.intpoly.IntegerPolynomial$MutableElement::setValue (6 bytes)
C2 CompilerThread1     5561 4282       4       org.springframework.core.annotation.TypeMappedAnnotations::get (52 bytes)
Total: 2

VM state: not at safepoint (normal execution)

VM Mutex/Monitor currently owned by a thread: None

Heap address: 0x0000000085a00000, size: 1958 MB, Compressed Oops mode: 32-bit

CDS archive(s) mapped at: [0x00007727c7000000-0x00007727c7ca8000-0x00007727c7ca8000), size 13271040, SharedBaseAddress: 0x00007727c7000000, ArchiveRelocationMode: 1.
Compressed class space mapped at: 0x00007727c8000000-0x0000772808000000, reserved size: 1073741824
Narrow klass base: 0x00007727c7000000, Narrow klass shift: 0, Narrow klass range: 0x100000000

GC Precious Log:
 CardTable entry size: 512
 Card Set container configuration: InlinePtr #cards 5 size 8 Array Of Cards #cards 12 size 40 Howl #buckets 4 coarsen threshold 1843 Howl Bitmap #cards 512 size 80 coarsen threshold 460 Card regions per heap region 1 cards per card region 2048
 CPUs: 4 total, 4 available
 Memory: 7831M
 Large Page Support: Disabled
 NUMA Support: Disabled
 Compressed Oops: Enabled (32-bit)
 Heap Region Size: 1M
 Heap Min Capacity: 8M
 Heap Initial Capacity: 124M
 Heap Max Capacity: 1958M
 Pre-touch: Disabled
 Parallel Workers: 4
 Concurrent Workers: 1
 Concurrent Refinement Workers: 4
 Periodic GC: Disabled

Heap:
 garbage-first heap   total 73728K, used 29457K [0x0000000085a00000, 0x0000000100000000)
  region size 1024K, 12 young (12288K), 6 survivors (6144K)
 Metaspace       used 49469K, committed 50048K, reserved 1114112K
  class space    used 6396K, committed 6656K, reserved 1048576K

Heap Regions: E=young(eden), S=young(survivor), O=old, HS=humongous(starts), HC=humongous(continues), CS=collection set, F=free, TAMS=top-at-mark-start, PB=parsable bottom
|   0|0x0000000085a00000, 0x0000000085b00000, 0x0000000085b00000|100%|HS|  |TAMS 0x0000000085a00000| PB 0x0000000085a00000| Complete 
|   1|0x0000000085b00000, 0x0000000085c00000, 0x0000000085c00000|100%| O|  |TAMS 0x0000000085b00000| PB 0x0000000085b00000| Untracked 
|   2|0x0000000085c00000, 0x0000000085d00000, 0x0000000085d00000|100%| O|  |TAMS 0x0000000085c00000| PB 0x0000000085c00000| Untracked 
|   3|0x0000000085d00000, 0x0000000085e00000, 0x0000000085e00000|100%| O|  |TAMS 0x0000000085d00000| PB 0x0000000085d00000| Untracked 
|   4|0x0000000085e00000, 0x0000000085f00000, 0x0000000085f00000|100%| O|  |TAMS 0x0000000085e00000| PB 0x0000000085e00000| Untracked 
|   5|0x0000000085f00000, 0x0000000086000000, 0x0000000086000000|100%| O|  |TAMS 0x0000000085f00000| PB 0x0000000085f00000| Untracked 
|   6|0x0000000086000000, 0x0000000086100000, 0x0000000086100000|100%| O|  |TAMS 0x0000000086000000| PB 0x0000000086000000| Untracked 
|   7|0x0000000086100000, 0x0000000086200000, 0x0000000086200000|100%| O|  |TAMS 0x0000000086100000| PB 0x0000000086100000| Untracked 
|   8|0x0000000086200000, 0x0000000086300000, 0x0000000086300000|100%| O|  |TAMS 0x0000000086200000| PB 0x0000000086200000| Untracked 
|   9|0x0000000086300000, 0x0000000086400000, 0x0000000086400000|100%| O|  |TAMS 0x0000000086300000| PB 0x0000000086300000| Untracked 
|  10|0x0000000086400000, 0x0000000086500000, 0x0000000086500000|100%| O|  |TAMS 0x0000000086400000| PB 0x0000000086400000| Untracked 
|  11|0x0000000086500000, 0x0000000086600000, 0x0000000086600000|100%| O|  |TAMS 0x0000000086500000| PB 0x0000000086500000| Untracked 
|  12|0x0000000086600000, 0x0000000086700000, 0x0000000086700000|100%| O|  |TAMS 0x0000000086600000| PB 0x0000000086600000| Untracked 
|  13|0x0000000086700000, 0x0000000086800000, 0x0000000086800000|100%| O|  |TAMS 0x0000000086700000| PB 0x0000000086700000| Untracked 
|  14|0x0000000086800000, 0x0000000086900000, 0x0000000086900000|100%| O|  |TAMS 0x0000000086800000| PB 0x0000000086800000| Untracked 
|  15|0x0000000086900000, 0x0000000086a00000, 0x0000000086a00000|100%| O|  |TAMS 0x0000000086900000| PB 0x0000000086900000| Untracked 
|  16|0x0000000086a00000, 0x0000000086b00000, 0x0000000086b00000|100%| O|  |TAMS 0x0000000086a00000| PB 0x0000000086a00000| Untracked 
|  17|0x0000000086b00000, 0x0000000086b165c0, 0x0000000086c00000|  8%| O|  |TAMS 0x0000000086b00000| PB 0x0000000086b00000| Untracked 
|  18|0x0000000086c00000, 0x0000000086c00000, 0x0000000086d00000|  0%| F|  |TAMS 0x0000000086c00000| PB 0x0000000086c00000| Untracked 
|  19|0x0000000086d00000, 0x0000000086d00000, 0x0000000086e00000|  0%| F|  |TAMS 0x0000000086d00000| PB 0x0000000086d00000| Untracked 
|  20|0x0000000086e00000, 0x0000000086e00000, 0x0000000086f00000|  0%| F|  |TAMS 0x0000000086e00000| PB 0x0000000086e00000| Untracked 
|  21|0x0000000086f00000, 0x0000000086f00000, 0x0000000087000000|  0%| F|  |TAMS 0x0000000086f00000| PB 0x0000000086f00000| Untracked 
|  22|0x0000000087000000, 0x00000000870a6580, 0x0000000087100000| 64%| S|CS|TAMS 0x0000000087000000| PB 0x0000000087000000| Complete 
|  23|0x0000000087100000, 0x0000000087200000, 0x0000000087200000|100%| S|CS|TAMS 0x0000000087100000| PB 0x0000000087100000| Complete 
|  24|0x0000000087200000, 0x0000000087300000, 0x0000000087300000|100%| S|CS|TAMS 0x0000000087200000| PB 0x0000000087200000| Complete 
|  25|0x0000000087300000, 0x0000000087400000, 0x0000000087400000|100%| S|CS|TAMS 0x0000000087300000| PB 0x0000000087300000| Complete 
|  26|0x0000000087400000, 0x0000000087500000, 0x0000000087500000|100%| S|CS|TAMS 0x0000000087400000| PB 0x0000000087400000| Complete 
|  27|0x0000000087500000, 0x0000000087600000, 0x0000000087600000|100%| S|CS|TAMS 0x0000000087500000| PB 0x0000000087500000| Complete 
|  28|0x0000000087600000, 0x0000000087600000, 0x0000000087700000|  0%| F|  |TAMS 0x0000000087600000| PB 0x0000000087600000| Untracked 
|  29|0x0000000087700000, 0x0000000087700000, 0x0000000087800000|  0%| F|  |TAMS 0x0000000087700000| PB 0x0000000087700000| Untracked 
|  30|0x0000000087800000, 0x0000000087800000, 0x0000000087900000|  0%| F|  |TAMS 0x0000000087800000| PB 0x0000000087800000| Untracked 
|  31|0x0000000087900000, 0x0000000087900000, 0x0000000087a00000|  0%| F|  |TAMS 0x0000000087900000| PB 0x0000000087900000| Untracked 
|  32|0x0000000087a00000, 0x0000000087a00000, 0x0000000087b00000|  0%| F|  |TAMS 0x0000000087a00000| PB 0x0000000087a00000| Untracked 
|  33|0x0000000087b00000, 0x0000000087b00000, 0x0000000087c00000|  0%| F|  |TAMS 0x0000000087b00000| PB 0x0000000087b00000| Untracked 
|  34|0x0000000087c00000, 0x0000000087c00000, 0x0000000087d00000|  0%| F|  |TAMS 0x0000000087c00000| PB 0x0000000087c00000| Untracked 
|  35|0x0000000087d00000, 0x0000000087d00000, 0x0000000087e00000|  0%| F|  |TAMS 0x0000000087d00000| PB 0x0000000087d00000| Untracked 
|  36|0x0000000087e00000, 0x0000000087e00000, 0x0000000087f00000|  0%| F|  |TAMS 0x0000000087e00000| PB 0x0000000087e00000| Untracked 
|  37|0x0000000087f00000, 0x0000000087f00000, 0x0000000088000000|  0%| F|  |TAMS 0x0000000087f00000| PB 0x0000000087f00000| Untracked 
|  38|0x0000000088000000, 0x0000000088000000, 0x0000000088100000|  0%| F|  |TAMS 0x0000000088000000| PB 0x0000000088000000| Untracked 
|  39|0x0000000088100000, 0x0000000088100000, 0x0000000088200000|  0%| F|  |TAMS 0x0000000088100000| PB 0x0000000088100000| Untracked 
|  40|0x0000000088200000, 0x0000000088200000, 0x0000000088300000|  0%| F|  |TAMS 0x0000000088200000| PB 0x0000000088200000| Untracked 
|  41|0x0000000088300000, 0x0000000088300000, 0x0000000088400000|  0%| F|  |TAMS 0x0000000088300000| PB 0x0000000088300000| Untracked 
|  42|0x0000000088400000, 0x0000000088400000, 0x0000000088500000|  0%| F|  |TAMS 0x0000000088400000| PB 0x0000000088400000| Untracked 
|  43|0x0000000088500000, 0x0000000088500000, 0x0000000088600000|  0%| F|  |TAMS 0x0000000088500000| PB 0x0000000088500000| Untracked 
|  44|0x0000000088600000, 0x0000000088600000, 0x0000000088700000|  0%| F|  |TAMS 0x0000000088600000| PB 0x0000000088600000| Untracked 
|  45|0x0000000088700000, 0x0000000088700000, 0x0000000088800000|  0%| F|  |TAMS 0x0000000088700000| PB 0x0000000088700000| Untracked 
|  46|0x0000000088800000, 0x0000000088800000, 0x0000000088900000|  0%| F|  |TAMS 0x0000000088800000| PB 0x0000000088800000| Untracked 
|  47|0x0000000088900000, 0x0000000088900000, 0x0000000088a00000|  0%| F|  |TAMS 0x0000000088900000| PB 0x0000000088900000| Untracked 
|  48|0x0000000088a00000, 0x0000000088a00000, 0x0000000088b00000|  0%| F|  |TAMS 0x0000000088a00000| PB 0x0000000088a00000| Untracked 
|  49|0x0000000088b00000, 0x0000000088b00000, 0x0000000088c00000|  0%| F|  |TAMS 0x0000000088b00000| PB 0x0000000088b00000| Untracked 
|  50|0x0000000088c00000, 0x0000000088c00000, 0x0000000088d00000|  0%| F|  |TAMS 0x0000000088c00000| PB 0x0000000088c00000| Untracked 
|  51|0x0000000088d00000, 0x0000000088d00000, 0x0000000088e00000|  0%| F|  |TAMS 0x0000000088d00000| PB 0x0000000088d00000| Untracked 
|  52|0x0000000088e00000, 0x0000000088e00000, 0x0000000088f00000|  0%| F|  |TAMS 0x0000000088e00000| PB 0x0000000088e00000| Untracked 
|  53|0x0000000088f00000, 0x0000000088f00000, 0x0000000089000000|  0%| F|  |TAMS 0x0000000088f00000| PB 0x0000000088f00000| Untracked 
|  54|0x0000000089000000, 0x0000000089000000, 0x0000000089100000|  0%| F|  |TAMS 0x0000000089000000| PB 0x0000000089000000| Untracked 
|  55|0x0000000089100000, 0x0000000089100000, 0x0000000089200000|  0%| F|  |TAMS 0x0000000089100000| PB 0x0000000089100000| Untracked 
|  56|0x0000000089200000, 0x0000000089200000, 0x0000000089300000|  0%| F|  |TAMS 0x0000000089200000| PB 0x0000000089200000| Untracked 
|  57|0x0000000089300000, 0x0000000089300000, 0x0000000089400000|  0%| F|  |TAMS 0x0000000089300000| PB 0x0000000089300000| Untracked 
|  58|0x0000000089400000, 0x0000000089400000, 0x0000000089500000|  0%| F|  |TAMS 0x0000000089400000| PB 0x0000000089400000| Untracked 
|  59|0x0000000089500000, 0x0000000089500000, 0x0000000089600000|  0%| F|  |TAMS 0x0000000089500000| PB 0x0000000089500000| Untracked 
|  60|0x0000000089600000, 0x0000000089600000, 0x0000000089700000|  0%| F|  |TAMS 0x0000000089600000| PB 0x0000000089600000| Untracked 
|  72|0x000000008a200000, 0x000000008a200000, 0x000000008a300000|  0%| F|  |TAMS 0x000000008a200000| PB 0x000000008a200000| Untracked 
|  73|0x000000008a300000, 0x000000008a300000, 0x000000008a400000|  0%| F|  |TAMS 0x000000008a300000| PB 0x000000008a300000| Untracked 
|  74|0x000000008a400000, 0x000000008a400000, 0x000000008a500000|  0%| F|  |TAMS 0x000000008a400000| PB 0x000000008a400000| Untracked 
|  75|0x000000008a500000, 0x000000008a580800, 0x000000008a600000| 50%| E|  |TAMS 0x000000008a500000| PB 0x000000008a500000| Complete 
|  76|0x000000008a600000, 0x000000008a700000, 0x000000008a700000|100%| E|CS|TAMS 0x000000008a600000| PB 0x000000008a600000| Complete 
|  77|0x000000008a700000, 0x000000008a800000, 0x000000008a800000|100%| E|CS|TAMS 0x000000008a700000| PB 0x000000008a700000| Complete 
|  78|0x000000008a800000, 0x000000008a900000, 0x000000008a900000|100%| E|CS|TAMS 0x000000008a800000| PB 0x000000008a800000| Complete 
| 122|0x000000008d400000, 0x000000008d500000, 0x000000008d500000|100%| E|CS|TAMS 0x000000008d400000| PB 0x000000008d400000| Complete 
| 123|0x000000008d500000, 0x000000008d600000, 0x000000008d600000|100%| E|CS|TAMS 0x000000008d500000| PB 0x000000008d500000| Complete 
|1956|0x00000000ffe00000, 0x00000000fff00000, 0x00000000fff00000|100%| O|  |TAMS 0x00000000ffe00000| PB 0x00000000ffe00000| Untracked 
|1957|0x00000000fff00000, 0x00000000fff07c08, 0x0000000100000000|  3%| O|Cm|TAMS 0x00000000fff00000| PB 0x00000000fff00000| Complete 

Card table byte_map: [0x0000772844200000,0x00007728445d3000] _byte_map_base: 0x0000772843dd3000

Marking Bits: (CMBitMap*) 0x0000772840087d30
 Bits: [0x0000772825a00000, 0x0000772827898000)

Polling page: 0x0000772846abf000

Metaspace:

Usage:
  Non-class:     42,06 MB used.
      Class:      6,25 MB used.
       Both:     48,31 MB used.

Virtual space:
  Non-class space:       64,00 MB reserved,      42,38 MB ( 66%) committed,  1 nodes.
      Class space:        1,00 GB reserved,       6,50 MB ( <1%) committed,  1 nodes.
             Both:        1,06 GB reserved,      48,88 MB (  4%) committed. 

Chunk freelists:
   Non-Class:  5,20 MB
       Class:  9,55 MB
        Both:  14,75 MB

MaxMetaspaceSize: unlimited
CompressedClassSpaceSize: 1,00 GB
Initial GC threshold: 21,00 MB
Current GC threshold: 59,62 MB
CDS: on
 - commit_granule_bytes: 65536.
 - commit_granule_words: 8192.
 - virtual_space_node_default_size: 8388608.
 - enlarge_chunks_in_place: 1.
 - use_allocation_guard: 0.


Internal statistics:

num_allocs_failed_limit: 9.
num_arena_births: 716.
num_arena_deaths: 0.
num_vsnodes_births: 2.
num_vsnodes_deaths: 0.
num_space_committed: 782.
num_space_uncommitted: 0.
num_chunks_returned_to_freelist: 9.
num_chunks_taken_from_freelist: 2405.
num_chunk_merges: 9.
num_chunk_splits: 1663.
num_chunks_enlarged: 1215.
num_inconsistent_stats: 0.

CodeHeap 'non-profiled nmethods': size=120032Kb used=2265Kb max_used=2265Kb free=117766Kb
 bounds [0x000077282f4c8000, 0x000077282f738000, 0x0000772836a00000]
CodeHeap 'profiled nmethods': size=120028Kb used=9381Kb max_used=9381Kb free=110646Kb
 bounds [0x0000772827a00000, 0x0000772828330000, 0x000077282ef37000]
CodeHeap 'non-nmethods': size=5700Kb used=1604Kb max_used=1671Kb free=4096Kb
 bounds [0x000077282ef37000, 0x000077282f1a7000, 0x000077282f4c8000]
 total_blobs=5126 nmethods=4496 adapters=535
 compilation: enabled
              stopped_count=0, restarted_count=0
 full_count=0

Compilation events (20 events):
Event: 5,283 Thread 0x0000772840155450 4796       2       java.lang.ThreadLocal$ThreadLocalMap::set (133 bytes)
Event: 5,284 Thread 0x0000772840155450 nmethod 4796 0x0000772827a4da10 code [0x0000772827a4dc40, 0x0000772827a4e310]
Event: 5,285 Thread 0x0000772840155450 4797       1       java.time.temporal.ValueRange::getMinimum (5 bytes)
Event: 5,285 Thread 0x0000772840155450 nmethod 4797 0x000077282f52db90 code [0x000077282f52dd20, 0x000077282f52dde0]
Event: 5,285 Thread 0x0000772840155450 4798       1       java.time.temporal.ValueRange::getMaximum (5 bytes)
Event: 5,285 Thread 0x0000772840155450 nmethod 4798 0x000077282f52d890 code [0x000077282f52da20, 0x000077282f52dae0]
Event: 5,293 Thread 0x0000772840155450 4799       2       java.lang.Character::isDigit (9 bytes)
Event: 5,293 Thread 0x0000772840155450 nmethod 4799 0x0000772827a4d690 code [0x0000772827a4d840, 0x0000772827a4d978]
Event: 5,294 Thread 0x0000772840155450 4801       2       com.sun.crypto.provider.AESCrypt::encryptBlock (10 bytes)
Event: 5,295 Thread 0x0000772840155450 nmethod 4801 0x0000772827a4d310 code [0x0000772827a4d4a0, 0x0000772827a4d5f8]
Event: 5,295 Thread 0x0000772840155450 4802       2       com.sun.crypto.provider.CounterMode::increment (28 bytes)
Event: 5,295 Thread 0x0000772840155450 nmethod 4802 0x0000772827a4cf10 code [0x0000772827a4d0a0, 0x0000772827a4d218]
Event: 5,295 Thread 0x0000772840155450 4804       3       com.sun.crypto.provider.GHASH::blockMult (245 bytes)
Event: 5,295 Thread 0x0000772840155450 nmethod 4804 0x0000772827a4c610 code [0x0000772827a4c7c0, 0x0000772827a4cc10]
Event: 5,295 Thread 0x0000772840155450 4803       2       com.sun.crypto.provider.GHASH::processBlock (37 bytes)
Event: 5,296 Thread 0x0000772840155450 nmethod 4803 0x0000772827a4be10 code [0x0000772827a4bfe0, 0x0000772827a4c2c0]
Event: 5,296 Thread 0x0000772840155450 4805       2       java.nio.MappedByteBuffer::position (6 bytes)
Event: 5,296 Thread 0x0000772840155450 nmethod 4805 0x0000772827a4ba90 code [0x0000772827a4bc20, 0x0000772827a4bd58]
Event: 5,300 Thread 0x0000772840155450 4807       2       java.nio.ByteBuffer::array (35 bytes)
Event: 5,301 Thread 0x0000772840155450 nmethod 4807 0x0000772827a4b510 code [0x0000772827a4b6e0, 0x0000772827a4b940]

GC Heap History (16 events):
Event: 0,704 GC heap before
{Heap before GC invocations=0 (full 0):
 garbage-first heap   total 129024K, used 14367K [0x0000000085a00000, 0x0000000100000000)
  region size 1024K, 13 young (13312K), 0 survivors (0K)
 Metaspace       used 2564K, committed 2752K, reserved 1114112K
  class space    used 233K, committed 320K, reserved 1048576K
}
Event: 0,708 GC heap after
{Heap after GC invocations=1 (full 0):
 garbage-first heap   total 129024K, used 7199K [0x0000000085a00000, 0x0000000100000000)
  region size 1024K, 2 young (2048K), 2 survivors (2048K)
 Metaspace       used 2564K, committed 2752K, reserved 1114112K
  class space    used 233K, committed 320K, reserved 1048576K
}
Event: 1,076 GC heap before
{Heap before GC invocations=1 (full 0):
 garbage-first heap   total 129024K, used 19487K [0x0000000085a00000, 0x0000000100000000)
  region size 1024K, 14 young (14336K), 2 survivors (2048K)
 Metaspace       used 5163K, committed 5312K, reserved 1114112K
  class space    used 572K, committed 640K, reserved 1048576K
}
Event: 1,087 GC heap after
{Heap after GC invocations=2 (full 0):
 garbage-first heap   total 129024K, used 7882K [0x0000000085a00000, 0x0000000100000000)
  region size 1024K, 1 young (1024K), 1 survivors (1024K)
 Metaspace       used 5163K, committed 5312K, reserved 1114112K
  class space    used 572K, committed 640K, reserved 1048576K
}
Event: 1,855 GC heap before
{Heap before GC invocations=2 (full 0):
 garbage-first heap   total 129024K, used 45770K [0x0000000085a00000, 0x0000000100000000)
  region size 1024K, 39 young (39936K), 1 survivors (1024K)
 Metaspace       used 13779K, committed 14080K, reserved 1114112K
  class space    used 1805K, committed 1920K, reserved 1048576K
}
Event: 1,860 GC heap after
{Heap after GC invocations=3 (full 0):
 garbage-first heap   total 129024K, used 10496K [0x0000000085a00000, 0x0000000100000000)
  region size 1024K, 4 young (4096K), 4 survivors (4096K)
 Metaspace       used 13779K, committed 14080K, reserved 1114112K
  class space    used 1805K, committed 1920K, reserved 1048576K
}
Event: 2,365 GC heap before
{Heap before GC invocations=3 (full 0):
 garbage-first heap   total 129024K, used 50432K [0x0000000085a00000, 0x0000000100000000)
  region size 1024K, 45 young (46080K), 4 survivors (4096K)
 Metaspace       used 21288K, committed 21504K, reserved 1114112K
  class space    used 2647K, committed 2752K, reserved 1048576K
}
Event: 2,371 GC heap after
{Heap after GC invocations=4 (full 0):
 garbage-first heap   total 129024K, used 14410K [0x0000000085a00000, 0x0000000100000000)
  region size 1024K, 7 young (7168K), 7 survivors (7168K)
 Metaspace       used 21288K, committed 21504K, reserved 1114112K
  class space    used 2647K, committed 2752K, reserved 1048576K
}
Event: 2,903 GC heap before
{Heap before GC invocations=5 (full 0):
 garbage-first heap   total 61440K, used 43082K [0x0000000085a00000, 0x0000000100000000)
  region size 1024K, 36 young (36864K), 7 survivors (7168K)
 Metaspace       used 24397K, committed 24640K, reserved 1114112K
  class space    used 3034K, committed 3136K, reserved 1048576K
}
Event: 2,915 GC heap after
{Heap after GC invocations=6 (full 0):
 garbage-first heap   total 61440K, used 16128K [0x0000000085a00000, 0x0000000100000000)
  region size 1024K, 3 young (3072K), 3 survivors (3072K)
 Metaspace       used 24397K, committed 24640K, reserved 1114112K
  class space    used 3034K, committed 3136K, reserved 1048576K
}
Event: 3,674 GC heap before
{Heap before GC invocations=6 (full 0):
 garbage-first heap   total 61440K, used 46848K [0x0000000085a00000, 0x0000000100000000)
  region size 1024K, 33 young (33792K), 3 survivors (3072K)
 Metaspace       used 29041K, committed 29440K, reserved 1114112K
  class space    used 3648K, committed 3840K, reserved 1048576K
}
Event: 3,680 GC heap after
{Heap after GC invocations=7 (full 0):
 garbage-first heap   total 61440K, used 18713K [0x0000000085a00000, 0x0000000100000000)
  region size 1024K, 5 young (5120K), 5 survivors (5120K)
 Metaspace       used 29041K, committed 29440K, reserved 1114112K
  class space    used 3648K, committed 3840K, reserved 1048576K
}
Event: 4,159 GC heap before
{Heap before GC invocations=7 (full 0):
 garbage-first heap   total 61440K, used 48409K [0x0000000085a00000, 0x0000000100000000)
  region size 1024K, 35 young (35840K), 5 survivors (5120K)
 Metaspace       used 33468K, committed 33984K, reserved 1114112K
  class space    used 4237K, committed 4416K, reserved 1048576K
}
Event: 4,167 GC heap after
{Heap after GC invocations=8 (full 0):
 garbage-first heap   total 61440K, used 21004K [0x0000000085a00000, 0x0000000100000000)
  region size 1024K, 5 young (5120K), 5 survivors (5120K)
 Metaspace       used 33468K, committed 33984K, reserved 1114112K
  class space    used 4237K, committed 4416K, reserved 1048576K
}
Event: 4,343 GC heap before
{Heap before GC invocations=8 (full 0):
 garbage-first heap   total 61440K, used 30220K [0x0000000085a00000, 0x0000000100000000)
  region size 1024K, 15 young (15360K), 5 survivors (5120K)
 Metaspace       used 35696K, committed 36160K, reserved 1114112K
  class space    used 4529K, committed 4736K, reserved 1048576K
}
Event: 4,353 GC heap after
{Heap after GC invocations=9 (full 0):
 garbage-first heap   total 73728K, used 21624K [0x0000000085a00000, 0x0000000100000000)
  region size 1024K, 3 young (3072K), 3 survivors (3072K)
 Metaspace       used 35696K, committed 36160K, reserved 1114112K
  class space    used 4529K, committed 4736K, reserved 1048576K
}

Dll operation events (12 events):
Event: 0,004 Loaded shared library /usr/local/softwares/java/jdk-21.0.3/lib/libjava.so
Event: 0,005 Loaded shared library /usr/local/softwares/java/jdk-21.0.3/lib/libzip.so
Event: 0,036 Loaded shared library /usr/local/softwares/java/jdk-21.0.3/lib/libjsvml.so
Event: 0,331 Loaded shared library /usr/local/softwares/java/jdk-21.0.3/lib/libinstrument.so
Event: 0,374 Loaded shared library /usr/local/softwares/java/jdk-21.0.3/lib/libnio.so
Event: 0,378 Loaded shared library /usr/local/softwares/java/jdk-21.0.3/lib/libzip.so
Event: 0,528 Loaded shared library /usr/local/softwares/java/jdk-21.0.3/lib/libjimage.so
Event: 0,575 Loaded shared library /usr/local/softwares/java/jdk-21.0.3/lib/libnet.so
Event: 0,975 Loaded shared library /usr/local/softwares/java/jdk-21.0.3/lib/libmanagement.so
Event: 0,978 Loaded shared library /usr/local/softwares/java/jdk-21.0.3/lib/libmanagement_ext.so
Event: 4,484 Loaded shared library /usr/local/softwares/java/jdk-21.0.3/lib/libverify.so
Event: 4,797 Loaded shared library /usr/local/softwares/java/jdk-21.0.3/lib/libextnet.so

Deoptimization events (20 events):
Event: 5,262 Thread 0x00007727500036b0 Uncommon trap: trap_request=0xffffff45 fr.pc=0x000077282f534ed8 relative=0x00000000000000b8
Event: 5,262 Thread 0x00007727500036b0 Uncommon trap: reason=unstable_if action=reinterpret pc=0x000077282f534ed8 method=java.lang.CharacterDataLatin1.isWhitespace(I)Z @ 14 c2
Event: 5,262 Thread 0x00007727500036b0 DEOPT PACKING pc=0x000077282f534ed8 sp=0x000077282411e820
Event: 5,262 Thread 0x00007727500036b0 DEOPT UNPACKING pc=0x000077282ef8af99 sp=0x000077282411e7d0 mode 2
Event: 5,281 Thread 0x00007727500036b0 Uncommon trap: trap_request=0xffffff45 fr.pc=0x000077282f5e7b60 relative=0x00000000000001a0
Event: 5,281 Thread 0x00007727500036b0 Uncommon trap: reason=unstable_if action=reinterpret pc=0x000077282f5e7b60 method=java.lang.Integer.getChars(II[B)I @ 4 c2
Event: 5,281 Thread 0x00007727500036b0 DEOPT PACKING pc=0x000077282f5e7b60 sp=0x000077282411df10
Event: 5,281 Thread 0x00007727500036b0 DEOPT UNPACKING pc=0x000077282ef8af99 sp=0x000077282411ded0 mode 2
Event: 5,293 Thread 0x00007727500036b0 DEOPT PACKING pc=0x0000772827d983c7 sp=0x000077282411eb70
Event: 5,293 Thread 0x00007727500036b0 DEOPT UNPACKING pc=0x000077282ef8b72f sp=0x000077282411e008 mode 0
Event: 5,295 Thread 0x00007727500036b0 DEOPT PACKING pc=0x0000772827aa803a sp=0x000077282411e150
Event: 5,295 Thread 0x00007727500036b0 DEOPT UNPACKING pc=0x000077282ef8b72f sp=0x000077282411d5c0 mode 0
Event: 5,295 Thread 0x00007727500036b0 DEOPT PACKING pc=0x0000772827aa803a sp=0x000077282411e150
Event: 5,295 Thread 0x00007727500036b0 DEOPT UNPACKING pc=0x000077282ef8b72f sp=0x000077282411d5c0 mode 0
Event: 5,301 Thread 0x00007727500036b0 DEOPT PACKING pc=0x0000772827f996b1 sp=0x000077282411d500
Event: 5,301 Thread 0x00007727500036b0 DEOPT UNPACKING pc=0x000077282ef8b72f sp=0x000077282411c9f8 mode 1
Event: 5,301 Thread 0x00007727500036b0 DEOPT PACKING pc=0x0000772827e971ec sp=0x000077282411d590
Event: 5,301 Thread 0x00007727500036b0 DEOPT UNPACKING pc=0x000077282ef8b72f sp=0x000077282411cb60 mode 1
Event: 5,301 Thread 0x00007727500036b0 DEOPT PACKING pc=0x0000772827e9b9d4 sp=0x000077282411d700
Event: 5,301 Thread 0x00007727500036b0 DEOPT UNPACKING pc=0x000077282ef8b72f sp=0x000077282411ccc0 mode 1

Classes loaded (20 events):
Event: 5,304 Loading class org/hibernate/tool/schema/spi/Exporter
Event: 5,304 Loading class org/hibernate/tool/schema/spi/Exporter done
Event: 5,304 Loading class org/hibernate/tool/schema/internal/TableMigrator
Event: 5,304 Loading class org/hibernate/tool/schema/internal/TableMigrator done
Event: 5,304 Loading class org/hibernate/tool/schema/spi/Cleaner
Event: 5,304 Loading class org/hibernate/tool/schema/spi/Cleaner done
Event: 5,304 Loading class org/hibernate/dialect/temptable/TemporaryTableExporter
Event: 5,304 Loading class org/hibernate/dialect/temptable/TemporaryTableExporter done
Event: 5,304 Loading class org/hibernate/engine/jdbc/env/spi/SchemaNameResolver
Event: 5,304 Loading class org/hibernate/engine/jdbc/env/spi/SchemaNameResolver done
Event: 5,304 Loading class org/hibernate/dialect/unique/UniqueDelegate
Event: 5,304 Loading class org/hibernate/dialect/unique/UniqueDelegate done
Event: 5,304 Loading class org/hibernate/procedure/spi/CallableStatementSupport
Event: 5,304 Loading class org/hibernate/procedure/spi/CallableStatementSupport done
Event: 5,304 Loading class org/hibernate/sql/model/MutationTarget
Event: 5,304 Loading class org/hibernate/sql/model/MutationTarget done
Event: 5,305 Loading class org/hibernate/sql/model/MutationOperation
Event: 5,305 Loading class org/hibernate/sql/model/MutationOperation done
Event: 5,305 Loading class org/hibernate/dialect/FunctionalDependencyAnalysisSupport
Event: 5,305 Loading class org/hibernate/dialect/FunctionalDependencyAnalysisSupport done

Classes unloaded (0 events):
No events

Classes redefined (0 events):
No events

Internal exceptions (20 events):
Event: 3,805 Thread 0x00007727500036b0 Exception <a 'java/lang/IncompatibleClassChangeError'{0x000000008a465360}: Found class java.lang.Object, but interface was expected> (0x000000008a465360) 
thrown [open/src/hotspot/share/interpreter/linkResolver.cpp, line 840]
Event: 3,806 Thread 0x00007727500036b0 Exception <a 'java/lang/NoSuchMethodError'{0x000000008a473950}: 'int java.lang.invoke.DirectMethodHandle$Holder.invokeSpecialIFC(java.lang.Object, java.lang.Object, java.lang.Object)'> (0x000000008a473950) 
thrown [open/src/hotspot/share/interpreter/linkResolver.cpp, line 772]
Event: 3,808 Thread 0x00007727500036b0 Exception <a 'java/lang/NoSuchMethodError'{0x000000008a488748}: 'void java.lang.invoke.DirectMethodHandle$Holder.invokeStatic(java.lang.Object, int, java.lang.Object)'> (0x000000008a488748) 
thrown [open/src/hotspot/share/interpreter/linkResolver.cpp, line 772]
Event: 3,812 Thread 0x00007727500036b0 Exception <a 'java/lang/NoSuchMethodError'{0x000000008a4c1208}: 'void java.lang.invoke.DirectMethodHandle$Holder.invokeStatic(java.lang.Object, java.lang.Object, java.lang.Object, int, java.lang.Object)'> (0x000000008a4c1208) 
thrown [open/src/hotspot/share/interpreter/linkResolver.cpp, line 772]
Event: 3,812 Thread 0x00007727500036b0 Exception <a 'java/lang/NoSuchMethodError'{0x000000008a4c7a48}: 'java.lang.Object java.lang.invoke.DirectMethodHandle$Holder.newInvokeSpecial(java.lang.Object, java.lang.Object, java.lang.Object, int)'> (0x000000008a4c7a48) 
thrown [open/src/hotspot/share/interpreter/linkResolver.cpp, line 772]
Event: 3,813 Thread 0x00007727500036b0 Exception <a 'java/lang/NoSuchMethodError'{0x000000008a4cb8c8}: 'java.lang.Object java.lang.invoke.DirectMethodHandle$Holder.invokeSpecial(java.lang.Object, java.lang.Object, java.lang.Object, java.lang.Object, int)'> (0x000000008a4cb8c8) 
thrown [open/src/hotspot/share/interpreter/linkResolver.cpp, line 772]
Event: 3,813 Thread 0x00007727500036b0 Exception <a 'java/lang/NoSuchMethodError'{0x000000008a4ced50}: 'java.lang.Object java.lang.invoke.Invokers$Holder.linkToTargetMethod(java.lang.Object, java.lang.Object, int, java.lang.Object)'> (0x000000008a4ced50) 
thrown [open/src/hotspot/share/interpreter/linkResolver.cpp, line 772]
Event: 3,983 Thread 0x00007727500036b0 Exception <a 'java/lang/NoSuchMethodError'{0x00000000881a3d48}: 'int java.lang.invoke.DirectMethodHandle$Holder.invokeVirtual(java.lang.Object, java.lang.Object, java.lang.Object, java.lang.Object)'> (0x00000000881a3d48) 
thrown [open/src/hotspot/share/interpreter/linkResolver.cpp, line 772]
Event: 3,984 Thread 0x00007727500036b0 Exception <a 'java/lang/NoSuchMethodError'{0x00000000881a75c8}: 'int java.lang.invoke.DelegatingMethodHandle$Holder.reinvoke_L(java.lang.Object, java.lang.Object, java.lang.Object, java.lang.Object)'> (0x00000000881a75c8) 
thrown [open/src/hotspot/share/interpreter/linkResolver.cpp, line 772]
Event: 4,028 Thread 0x00007727500036b0 Exception <a 'java/io/FileNotFoundException'{0x0000000087e14c60}> (0x0000000087e14c60) 
thrown [open/src/hotspot/share/prims/jni.cpp, line 520]
Event: 4,044 Thread 0x00007727500036b0 Exception <a 'java/lang/NoSuchMethodError'{0x0000000087d7a248}: 'int java.lang.invoke.DirectMethodHandle$Holder.invokeInterface(java.lang.Object, java.lang.Object, java.lang.Object, java.lang.Object)'> (0x0000000087d7a248) 
thrown [open/src/hotspot/share/interpreter/linkResolver.cpp, line 772]
Event: 4,072 Thread 0x00007727500036b0 Exception <a 'java/lang/NoSuchMethodError'{0x0000000087ca2128}: 'void java.lang.invoke.Invokers$Holder.invokeExact_MT(java.lang.Object, java.lang.Object, java.lang.Object, java.lang.Object)'> (0x0000000087ca2128) 
thrown [open/src/hotspot/share/interpreter/linkResolver.cpp, line 772]
Event: 4,073 Thread 0x00007727500036b0 Exception <a 'java/lang/NoSuchMethodError'{0x0000000087cac8c0}: 'void java.lang.invoke.Invokers$Holder.invokeExact_MT(java.lang.Object, java.lang.Object, int, java.lang.Object)'> (0x0000000087cac8c0) 
thrown [open/src/hotspot/share/interpreter/linkResolver.cpp, line 772]
Event: 4,145 Thread 0x00007727500036b0 Exception <a 'java/lang/NoSuchMethodError'{0x000000008765b090}: 'java.lang.Object java.lang.invoke.DirectMethodHandle$Holder.newInvokeSpecial(java.lang.Object, java.lang.Object, java.lang.Object, java.lang.Object, java.lang.Object, java.lang.Object, java.lang.Object, java.lang.Object, java.lang.Object, java.lang.Object, java.lang.Object)'> (0x000000008765b090) 
thrown [open/src/hotspot/share/interpreter/linkResolver.cpp, line 772]
Event: 4,231 Thread 0x00007727500036b0 Exception <a 'java/lang/NoSuchMethodError'{0x000000008a723208}: 'void java.lang.invoke.DelegatingMethodHandle$Holder.reinvoke_L(java.lang.Object, java.lang.Object, java.lang.Object, java.lang.Object, int, java.lang.Object, java.lang.Object, java.lang.Object)'> (0x000000008a723208) 
thrown [open/src/hotspot/share/interpreter/linkResolver.cpp, line 772]
Event: 4,746 Thread 0x00007727500036b0 Exception <a 'java/lang/NoSuchMethodError'{0x0000000088b5bdb8}: 'int java.lang.invoke.DirectMethodHandle$Holder.invokeStatic(java.lang.Object)'> (0x0000000088b5bdb8) 
thrown [open/src/hotspot/share/interpreter/linkResolver.cpp, line 772]
Event: 4,767 Thread 0x00007727500036b0 Exception <a 'java/lang/NoSuchMethodError'{0x0000000088a3e728}: method resolution failed> (0x0000000088a3e728) 
thrown [open/src/hotspot/share/prims/methodHandles.cpp, line 1144]
Event: 4,777 Thread 0x00007727500036b0 Exception <a 'java/lang/NoSuchMethodError'{0x0000000088aa3b40}: 'int java.lang.invoke.DirectMethodHandle$Holder.invokeStaticInit(java.lang.Object, java.lang.Object, java.lang.Object, java.lang.Object)'> (0x0000000088aa3b40) 
thrown [open/src/hotspot/share/interpreter/linkResolver.cpp, line 772]
Event: 5,128 Thread 0x00007727500036b0 Exception <a 'java/lang/NoSuchMethodError'{0x0000000087f85428}: 'int java.lang.invoke.DirectMethodHandle$Holder.invokeInterface(java.lang.Object, java.lang.Object, int)'> (0x0000000087f85428) 
thrown [open/src/hotspot/share/interpreter/linkResolver.cpp, line 772]
Event: 5,128 Thread 0x00007727500036b0 Exception <a 'java/lang/IncompatibleClassChangeError'{0x0000000087f8fd70}: Found class java.lang.Object, but interface was expected> (0x0000000087f8fd70) 
thrown [open/src/hotspot/share/interpreter/linkResolver.cpp, line 840]

ZGC Phase Switch (0 events):
No events

VM Operations (20 events):
Event: 4,159 Executing VM operation: G1CollectForAllocation (G1 Evacuation Pause)
Event: 4,169 Executing VM operation: G1CollectForAllocation (G1 Evacuation Pause) done
Event: 4,280 Executing VM operation: HandshakeAllThreads (Deoptimize)
Event: 4,280 Executing VM operation: HandshakeAllThreads (Deoptimize) done
Event: 4,343 Executing VM operation: CollectForMetadataAllocation (Metadata GC Threshold)
Event: 4,355 Executing VM operation: CollectForMetadataAllocation (Metadata GC Threshold) done
Event: 4,375 Executing VM operation: CollectForMetadataAllocation (Metadata GC Threshold)
Event: 4,375 Executing VM operation: CollectForMetadataAllocation (Metadata GC Threshold) done
Event: 4,382 Executing VM operation: G1PauseRemark
Event: 4,388 Executing VM operation: G1PauseRemark done
Event: 4,401 Executing VM operation: G1PauseCleanup
Event: 4,402 Executing VM operation: G1PauseCleanup done
Event: 4,821 Executing VM operation: HandshakeAllThreads (Deoptimize)
Event: 4,821 Executing VM operation: HandshakeAllThreads (Deoptimize) done
Event: 4,825 Executing VM operation: HandshakeAllThreads (Deoptimize)
Event: 4,825 Executing VM operation: HandshakeAllThreads (Deoptimize) done
Event: 5,063 Executing VM operation: HandshakeAllThreads (Deoptimize)
Event: 5,063 Executing VM operation: HandshakeAllThreads (Deoptimize) done
Event: 5,125 Executing VM operation: HandshakeAllThreads (Deoptimize)
Event: 5,126 Executing VM operation: HandshakeAllThreads (Deoptimize) done

Events (20 events):
Event: 4,387 Thread 0x000077284013fc10 flushing nmethod 0x000077282f4f4890
Event: 4,387 Thread 0x000077284013fc10 flushing nmethod 0x000077282f4f3b10
Event: 4,387 Thread 0x000077284013fc10 flushing nmethod 0x000077282f4f1c10
Event: 4,387 Thread 0x000077284013fc10 flushing nmethod 0x000077282f4f1610
Event: 4,387 Thread 0x000077284013fc10 flushing nmethod 0x000077282f4f0d90
Event: 4,387 Thread 0x000077284013fc10 flushing nmethod 0x000077282f4f0290
Event: 4,387 Thread 0x000077284013fc10 flushing nmethod 0x000077282f4efe90
Event: 4,387 Thread 0x000077284013fc10 flushing nmethod 0x000077282f4efa90
Event: 4,387 Thread 0x000077284013fc10 flushing nmethod 0x000077282f4ef790
Event: 4,387 Thread 0x000077284013fc10 flushing nmethod 0x000077282f4e9b10
Event: 4,387 Thread 0x000077284013fc10 flushing nmethod 0x000077282f4eb110
Event: 4,387 Thread 0x000077284013fc10 flushing nmethod 0x000077282f4d9490
Event: 4,387 Thread 0x000077284013fc10 flushing nmethod 0x000077282f4d6710
Event: 4,387 Thread 0x000077284013fc10 flushing nmethod 0x000077282f4d4f90
Event: 4,387 Thread 0x000077284013fc10 flushing nmethod 0x000077282f4dde10
Event: 4,387 Thread 0x000077284013fc10 flushing nmethod 0x000077282f4d1390
Event: 5,269 Thread 0x000077274970f3d0 Thread added: 0x000077274970f3d0
Event: 5,269 Protecting memory [0x000077281df00000,0x000077281df04000] with protection modes 0
Event: 5,283 Thread 0x000077274970b3b0 Thread added: 0x000077274970b3b0
Event: 5,283 Protecting memory [0x000077281de00000,0x000077281de04000] with protection modes 0


Dynamic libraries:
85a00000-89700000 rw-p 00000000 00:00 0 
89700000-8a200000 ---p 00000000 00:00 0 
8a200000-8a900000 rw-p 00000000 00:00 0 
8a900000-8d400000 ---p 00000000 00:00 0 
8d400000-8d600000 rw-p 00000000 00:00 0 
8d600000-ffe00000 ---p 00000000 00:00 0 
ffe00000-fff08000 rw-p 00ce7000 08:13 5675468                            /usr/local/softwares/java/jdk-21.0.3/lib/server/classes.jsa
fff08000-100000000 rw-p 00000000 00:00 0 
556558951000-556558952000 r-xp 00000000 08:13 5674379                    /usr/local/softwares/java/jdk-21.0.3/bin/java
556558953000-556558954000 r--p 00001000 08:13 5674379                    /usr/local/softwares/java/jdk-21.0.3/bin/java
556558954000-556558955000 rw-p 00002000 08:13 5674379                    /usr/local/softwares/java/jdk-21.0.3/bin/java
55655d909000-55655d951000 rw-p 00000000 00:00 0                          [heap]
772738000000-772738021000 rw-p 00000000 00:00 0 
772738021000-77273c000000 ---p 00000000 00:00 0 
77273c000000-77273c023000 rw-p 00000000 00:00 0 
77273c023000-772740000000 ---p 00000000 00:00 0 
772744000000-772744456000 rw-p 00000000 00:00 0 
772744456000-772748000000 ---p 00000000 00:00 0 
772748000000-772749b67000 rw-p 00000000 00:00 0 
772749b67000-77274c000000 ---p 00000000 00:00 0 
772750000000-772750021000 rw-p 00000000 00:00 0 
772750021000-772754000000 ---p 00000000 00:00 0 
772754000000-772754021000 rw-p 00000000 00:00 0 
772754021000-772758000000 ---p 00000000 00:00 0 
77275c000000-77275c021000 rw-p 00000000 00:00 0 
77275c021000-772760000000 ---p 00000000 00:00 0 
772760000000-772760021000 rw-p 00000000 00:00 0 
772760021000-772764000000 ---p 00000000 00:00 0 
772768000000-77276a19e000 rw-p 00000000 00:00 0 
77276a19e000-77276c000000 ---p 00000000 00:00 0 
77276c000000-77276c021000 rw-p 00000000 00:00 0 
77276c021000-772770000000 ---p 00000000 00:00 0 
772774000000-772774021000 rw-p 00000000 00:00 0 
772774021000-772778000000 ---p 00000000 00:00 0 
772778000000-77277818c000 rw-p 00000000 00:00 0 
77277818c000-77277c000000 ---p 00000000 00:00 0 
772780000000-77278002d000 rw-p 00000000 00:00 0 
77278002d000-772784000000 ---p 00000000 00:00 0 
772784000000-772784021000 rw-p 00000000 00:00 0 
772784021000-772788000000 ---p 00000000 00:00 0 
77278c000000-77278cb0d000 rw-p 00000000 00:00 0 
77278cb0d000-772790000000 ---p 00000000 00:00 0 
772790000000-772792340000 rw-p 00000000 00:00 0 
772792340000-772794000000 ---p 00000000 00:00 0 
772798000000-772798021000 rw-p 00000000 00:00 0 
772798021000-77279c000000 ---p 00000000 00:00 0 
77279c000000-77279c021000 rw-p 00000000 00:00 0 
77279c021000-7727a0000000 ---p 00000000 00:00 0 
7727a4000000-7727a4021000 rw-p 00000000 00:00 0 
7727a4021000-7727a8000000 ---p 00000000 00:00 0 
7727a8000000-7727a8021000 rw-p 00000000 00:00 0 
7727a8021000-7727ac000000 ---p 00000000 00:00 0 
7727b0000000-7727b0021000 rw-p 00000000 00:00 0 
7727b0021000-7727b4000000 ---p 00000000 00:00 0 
7727b4000000-7727b4021000 rw-p 00000000 00:00 0 
7727b4021000-7727b8000000 ---p 00000000 00:00 0 
7727bc000000-7727bc3f0000 rw-p 00000000 00:00 0 
7727bc3f0000-7727bcb70000 rw-p 00000000 00:00 0 
7727bcb70000-7727bcbf0000 rw-p 00000000 00:00 0 
7727bcbf0000-7727bcdd0000 rw-p 00000000 00:00 0 
7727bcdd0000-7727bcdf0000 rw-p 00000000 00:00 0 
7727bcdf0000-7727bcef0000 rw-p 00000000 00:00 0 
7727bcef0000-7727bcff0000 rw-p 00000000 00:00 0 
7727bcff0000-7727bd5d0000 rw-p 00000000 00:00 0 
7727bd5d0000-7727bd6f0000 rw-p 00000000 00:00 0 
7727bd6f0000-7727bd7f0000 rw-p 00000000 00:00 0 
7727bd7f0000-7727bdaf0000 rw-p 00000000 00:00 0 
7727bdaf0000-7727bdbf0000 rw-p 00000000 00:00 0 
7727bdbf0000-7727be3b0000 rw-p 00000000 00:00 0 
7727be3b0000-7727be4f0000 rw-p 00000000 00:00 0 
7727be4f0000-7727be530000 rw-p 00000000 00:00 0 
7727be530000-7727be570000 rw-p 00000000 00:00 0 
7727be570000-7727be6f0000 rw-p 00000000 00:00 0 
7727be6f0000-7727be970000 rw-p 00000000 00:00 0 
7727be970000-7727be990000 rw-p 00000000 00:00 0 
7727be990000-7727bea00000 ---p 00000000 00:00 0 
7727bea00000-7727bead0000 rw-p 00000000 00:00 0 
7727bead0000-7727c0000000 ---p 00000000 00:00 0 
7727c0000000-7727c0021000 rw-p 00000000 00:00 0 
7727c0021000-7727c4000000 ---p 00000000 00:00 0 
7727c7000000-7727c7ca8000 rw-p 00001000 08:13 5675468                    /usr/local/softwares/java/jdk-21.0.3/lib/server/classes.jsa
7727c7ca8000-7727c8000000 ---p 00000000 00:00 0 
7727c8000000-7727c8030000 rw-p 00000000 00:00 0 
7727c8030000-7727c80b0000 rw-p 00000000 00:00 0 
7727c80b0000-7727c80f0000 rw-p 00000000 00:00 0 
7727c80f0000-7727c82b0000 rw-p 00000000 00:00 0 
7727c82b0000-7727c82f0000 rw-p 00000000 00:00 0 
7727c82f0000-7727c8590000 rw-p 00000000 00:00 0 
7727c8590000-7727c85b0000 rw-p 00000000 00:00 0 
7727c85b0000-7727c8680000 rw-p 00000000 00:00 0 
7727c8680000-772808000000 ---p 00000000 00:00 0 
772808000000-772808021000 rw-p 00000000 00:00 0 
772808021000-77280c000000 ---p 00000000 00:00 0 
77280c000000-77280c021000 rw-p 00000000 00:00 0 
77280c021000-772810000000 ---p 00000000 00:00 0 
772814000000-772814021000 rw-p 00000000 00:00 0 
772814021000-772818000000 ---p 00000000 00:00 0 
772818000000-772818021000 rw-p 00000000 00:00 0 
772818021000-77281c000000 ---p 00000000 00:00 0 
77281d200000-77281d66f000 rw-p 00000000 00:00 0 
77281d800000-77281dc39000 rw-p 00000000 00:00 0 
77281dd00000-77281dd04000 ---p 00000000 00:00 0 
77281dd04000-77281de00000 rw-p 00000000 00:00 0 
77281de00000-77281de04000 ---p 00000000 00:00 0 
77281de04000-77281df00000 rw-p 00000000 00:00 0 
77281df00000-77281df04000 ---p 00000000 00:00 0 
77281df04000-77281e000000 rw-p 00000000 00:00 0 
77281e000000-772820000000 rw-p 00000000 00:00 0 
772820000000-772820021000 rw-p 00000000 00:00 0 
772820021000-772824000000 ---p 00000000 00:00 0 
772824026000-77282402a000 ---p 00000000 00:00 0 
77282402a000-772824126000 rw-p 00000000 00:00 0 
772824126000-77282412a000 ---p 00000000 00:00 0 
77282412a000-772824226000 rw-p 00000000 00:00 0 
772824226000-772824227000 ---p 00000000 00:00 0 
772824227000-772824327000 rw-p 00000000 00:00 0 
772824327000-772824328000 ---p 00000000 00:00 0 
772824328000-772824428000 rw-p 00000000 00:00 0 
772824428000-772824429000 ---p 00000000 00:00 0 
772824429000-772824529000 rw-p 00000000 00:00 0 
772824529000-77282452d000 ---p 00000000 00:00 0 
77282452d000-772824629000 rw-p 00000000 00:00 0 
772824629000-77282462d000 ---p 00000000 00:00 0 
77282462d000-772824729000 rw-p 00000000 00:00 0 
772824729000-77282472d000 ---p 00000000 00:00 0 
77282472d000-772824829000 rw-p 00000000 00:00 0 
772824829000-77282482d000 ---p 00000000 00:00 0 
77282482d000-772824929000 rw-p 00000000 00:00 0 
772824929000-77282492d000 ---p 00000000 00:00 0 
77282492d000-772824a29000 rw-p 00000000 00:00 0 
772824a29000-772824a2d000 ---p 00000000 00:00 0 
772824a2d000-772824b29000 rw-p 00000000 00:00 0 
772824b29000-772824b2d000 ---p 00000000 00:00 0 
772824b2d000-772824c29000 rw-p 00000000 00:00 0 
772824c29000-772824cf7000 r-xp 00000000 08:13 5675442                    /usr/local/softwares/java/jdk-21.0.3/lib/libjsvml.so
772824cf7000-772824cf8000 r--p 000cd000 08:13 5675442                    /usr/local/softwares/java/jdk-21.0.3/lib/libjsvml.so
772824cf8000-772824cf9000 rw-p 000ce000 08:13 5675442                    /usr/local/softwares/java/jdk-21.0.3/lib/libjsvml.so
772824cf9000-772824cfd000 ---p 00000000 00:00 0 
772824cfd000-772824df9000 rw-p 00000000 00:00 0 
772824df9000-772824dfd000 ---p 00000000 00:00 0 
772824dfd000-772824ef9000 rw-p 00000000 00:00 0 
772824ef9000-772824efd000 ---p 00000000 00:00 0 
772824efd000-772824ff9000 rw-p 00000000 00:00 0 
772824ff9000-772824ffd000 ---p 00000000 00:00 0 
772824ffd000-7728250f9000 rw-p 00000000 00:00 0 
7728250f9000-7728250fd000 ---p 00000000 00:00 0 
7728250fd000-7728251f9000 rw-p 00000000 00:00 0 
7728251f9000-7728251fd000 ---p 00000000 00:00 0 
7728251fd000-7728252f9000 rw-p 00000000 00:00 0 
7728252f9000-7728252fa000 ---p 00000000 00:00 0 
7728252fa000-7728253fa000 rw-p 00000000 00:00 0 
7728253fa000-7728253fb000 ---p 00000000 00:00 0 
7728253fb000-7728254fb000 rw-p 00000000 00:00 0 
7728254fb000-7728254fc000 ---p 00000000 00:00 0 
7728254fc000-7728255fc000 rw-p 00000000 00:00 0 
7728255fc000-7728255fd000 ---p 00000000 00:00 0 
7728255fd000-7728256fd000 rw-p 00000000 00:00 0 
7728256fd000-772825af4000 rw-p 00000000 00:00 0 
772825af4000-772825b20000 ---p 00000000 00:00 0 
772825b20000-772825b3c000 rw-p 00000000 00:00 0 
772825b3c000-772825be8000 ---p 00000000 00:00 0 
772825be8000-772825bf0000 rw-p 00000000 00:00 0 
772825bf0000-772827890000 ---p 00000000 00:00 0 
772827890000-772827898000 rw-p 00000000 00:00 0 
7728278ff000-772827a00000 rw-p 00000000 00:00 0 
772827a00000-772828330000 rwxp 00000000 00:00 0 
772828330000-77282ef37000 ---p 00000000 00:00 0 
77282ef37000-77282f1a7000 rwxp 00000000 00:00 0 
77282f1a7000-77282f4c8000 ---p 00000000 00:00 0 
77282f4c8000-77282f738000 rwxp 00000000 00:00 0 
77282f738000-772836a00000 ---p 00000000 00:00 0 
772836a00000-772837906000 r--p 00000000 08:13 5511195                    /usr/lib/locale/locale-archive
77283797f000-772837a00000 rw-p 00000000 00:00 0 
772837a00000-77283fed9000 r--s 00000000 08:13 5675459                    /usr/local/softwares/java/jdk-21.0.3/lib/modules
77283feff000-77283ff00000 ---p 00000000 00:00 0 
77283ff00000-772840000000 rw-p 00000000 00:00 0 
772840000000-7728407d0000 rw-p 00000000 00:00 0 
7728407d0000-772844000000 ---p 00000000 00:00 0 
772844063000-7728440ff000 rw-p 00000000 00:00 0 
7728440ff000-772844100000 ---p 00000000 00:00 0 
772844100000-772844200000 rw-p 00000000 00:00 0 
772844200000-77284421f000 rw-p 00000000 00:00 0 
77284421f000-772844224000 ---p 00000000 00:00 0 
772844224000-772844228000 rw-p 00000000 00:00 0 
772844228000-77284423d000 ---p 00000000 00:00 0 
77284423d000-77284423e000 rw-p 00000000 00:00 0 
77284423e000-7728445d2000 ---p 00000000 00:00 0 
7728445d2000-7728445d3000 rw-p 00000000 00:00 0 
7728445f0000-7728445fd000 r-xp 00000000 08:13 5675457                    /usr/local/softwares/java/jdk-21.0.3/lib/libverify.so
7728445fd000-7728445ff000 r--p 0000c000 08:13 5675457                    /usr/local/softwares/java/jdk-21.0.3/lib/libverify.so
7728445ff000-772844600000 rw-p 0000e000 08:13 5675457                    /usr/local/softwares/java/jdk-21.0.3/lib/libverify.so
772844600000-77284461f000 rw-p 00000000 00:00 0 
77284461f000-772844624000 ---p 00000000 00:00 0 
772844624000-772844628000 rw-p 00000000 00:00 0 
772844628000-77284463d000 ---p 00000000 00:00 0 
77284463d000-77284463e000 rw-p 00000000 00:00 0 
77284463e000-7728449d2000 ---p 00000000 00:00 0 
7728449d2000-7728449d3000 rw-p 00000000 00:00 0 
7728449db000-7728449e0000 r-xp 00000000 08:13 5675447                    /usr/local/softwares/java/jdk-21.0.3/lib/libmanagement_ext.so
7728449e0000-7728449e1000 ---p 00005000 08:13 5675447                    /usr/local/softwares/java/jdk-21.0.3/lib/libmanagement_ext.so
7728449e1000-7728449e2000 r--p 00005000 08:13 5675447                    /usr/local/softwares/java/jdk-21.0.3/lib/libmanagement_ext.so
7728449e2000-7728449e3000 rw-p 00006000 08:13 5675447                    /usr/local/softwares/java/jdk-21.0.3/lib/libmanagement_ext.so
7728449e3000-7728449e4000 ---p 00000000 00:00 0 
7728449e4000-772844ae4000 rw-p 00000000 00:00 0 
772844ae4000-772844f2f000 rw-p 00000000 00:00 0 
772844f2f000-772845015000 ---p 00000000 00:00 0 
772845015000-772845028000 rw-p 00000000 00:00 0 
772845028000-772845100000 ---p 00000000 00:00 0 
772845100000-772845104000 ---p 00000000 00:00 0 
772845104000-772845200000 rw-p 00000000 00:00 0 
772845200000-772846511000 r-xp 00000000 08:13 5675471                    /usr/local/softwares/java/jdk-21.0.3/lib/server/libjvm.so
772846511000-772846512000 ---p 01311000 08:13 5675471                    /usr/local/softwares/java/jdk-21.0.3/lib/server/libjvm.so
772846512000-7728465df000 r--p 01311000 08:13 5675471                    /usr/local/softwares/java/jdk-21.0.3/lib/server/libjvm.so
7728465df000-77284660d000 rw-p 013de000 08:13 5675471                    /usr/local/softwares/java/jdk-21.0.3/lib/server/libjvm.so
77284660d000-772846673000 rw-p 00000000 00:00 0 
77284667a000-77284667e000 r-xp 00000000 08:13 5675445                    /usr/local/softwares/java/jdk-21.0.3/lib/libmanagement.so
77284667e000-77284667f000 r--p 00003000 08:13 5675445                    /usr/local/softwares/java/jdk-21.0.3/lib/libmanagement.so
77284667f000-772846680000 rw-p 00004000 08:13 5675445                    /usr/local/softwares/java/jdk-21.0.3/lib/libmanagement.so
772846680000-77284668c000 r-xp 00000000 08:13 5675449                    /usr/local/softwares/java/jdk-21.0.3/lib/libnet.so
77284668c000-77284668d000 r--p 0000b000 08:13 5675449                    /usr/local/softwares/java/jdk-21.0.3/lib/libnet.so
77284668d000-77284668e000 rw-p 0000c000 08:13 5675449                    /usr/local/softwares/java/jdk-21.0.3/lib/libnet.so
77284668e000-7728466a2000 r-xp 00000000 08:13 5675450                    /usr/local/softwares/java/jdk-21.0.3/lib/libnio.so
7728466a2000-7728466a3000 r--p 00013000 08:13 5675450                    /usr/local/softwares/java/jdk-21.0.3/lib/libnio.so
7728466a3000-7728466a4000 rw-p 00014000 08:13 5675450                    /usr/local/softwares/java/jdk-21.0.3/lib/libnio.so
7728466a4000-7728466a9000 r-xp 00000000 08:13 5675426                    /usr/local/softwares/java/jdk-21.0.3/lib/libdt_socket.so
7728466a9000-7728466aa000 r--p 00004000 08:13 5675426                    /usr/local/softwares/java/jdk-21.0.3/lib/libdt_socket.so
7728466aa000-7728466ab000 rw-p 00005000 08:13 5675426                    /usr/local/softwares/java/jdk-21.0.3/lib/libdt_socket.so
7728466ab000-7728466b2000 r--s 00000000 08:13 5526035                    /usr/lib/x86_64-linux-gnu/gconv/gconv-modules.cache
7728466b2000-7728466b7000 rw-p 00000000 00:00 0 
7728466b7000-7728466be000 ---p 00000000 00:00 0 
7728466be000-7728466c4000 r--s 000fa000 08:13 6323643                    /home/manou/.local/share/JetBrains/Toolbox/apps/intellij-idea-community-edition/plugins/java/lib/rt/debugger-agent.jar
7728466c4000-7728466cb000 r-xp 00000000 08:13 5675458                    /usr/local/softwares/java/jdk-21.0.3/lib/libzip.so
7728466cb000-7728466cc000 ---p 00007000 08:13 5675458                    /usr/local/softwares/java/jdk-21.0.3/lib/libzip.so
7728466cc000-7728466cd000 r--p 00007000 08:13 5675458                    /usr/local/softwares/java/jdk-21.0.3/lib/libzip.so
7728466cd000-7728466ce000 rw-p 00008000 08:13 5675458                    /usr/local/softwares/java/jdk-21.0.3/lib/libzip.so
7728466ce000-7728466d6000 rw-s 00000000 08:13 2097213                    /tmp/hsperfdata_manou/6084
7728466d6000-772846716000 r-xp 00000000 08:13 5675437                    /usr/local/softwares/java/jdk-21.0.3/lib/libjdwp.so
772846716000-772846717000 r--p 0003f000 08:13 5675437                    /usr/local/softwares/java/jdk-21.0.3/lib/libjdwp.so
772846717000-772846718000 rw-p 00040000 08:13 5675437                    /usr/local/softwares/java/jdk-21.0.3/lib/libjdwp.so
772846718000-772846719000 rw-p 00000000 00:00 0 
772846719000-772846727000 r--p 00000000 08:13 5527557                    /usr/lib/x86_64-linux-gnu/libm.so.6
772846727000-7728467a3000 r-xp 0000e000 08:13 5527557                    /usr/lib/x86_64-linux-gnu/libm.so.6
7728467a3000-7728467fe000 r--p 0008a000 08:13 5527557                    /usr/lib/x86_64-linux-gnu/libm.so.6
7728467fe000-7728467ff000 r--p 000e4000 08:13 5527557                    /usr/lib/x86_64-linux-gnu/libm.so.6
7728467ff000-772846800000 rw-p 000e5000 08:13 5527557                    /usr/lib/x86_64-linux-gnu/libm.so.6
772846800000-772846828000 r--p 00000000 08:13 5526812                    /usr/lib/x86_64-linux-gnu/libc.so.6
772846828000-7728469bd000 r-xp 00028000 08:13 5526812                    /usr/lib/x86_64-linux-gnu/libc.so.6
7728469bd000-772846a15000 r--p 001bd000 08:13 5526812                    /usr/lib/x86_64-linux-gnu/libc.so.6
772846a15000-772846a16000 ---p 00215000 08:13 5526812                    /usr/lib/x86_64-linux-gnu/libc.so.6
772846a16000-772846a1a000 r--p 00215000 08:13 5526812                    /usr/lib/x86_64-linux-gnu/libc.so.6
772846a1a000-772846a1c000 rw-p 00219000 08:13 5526812                    /usr/lib/x86_64-linux-gnu/libc.so.6
772846a1c000-772846a29000 rw-p 00000000 00:00 0 
772846a2a000-772846a4a000 r-xp 00000000 08:13 5675434                    /usr/local/softwares/java/jdk-21.0.3/lib/libjava.so
772846a4a000-772846a4b000 ---p 00020000 08:13 5675434                    /usr/local/softwares/java/jdk-21.0.3/lib/libjava.so
772846a4b000-772846a4c000 r--p 00020000 08:13 5675434                    /usr/local/softwares/java/jdk-21.0.3/lib/libjava.so
772846a4c000-772846a4d000 rw-p 00021000 08:13 5675434                    /usr/local/softwares/java/jdk-21.0.3/lib/libjava.so
772846a4d000-772846a4e000 rw-p 00000000 00:00 0 
772846a4e000-772846a69000 r-xp 00000000 08:13 5675438                    /usr/local/softwares/java/jdk-21.0.3/lib/libjimage.so
772846a69000-772846a6a000 ---p 0001b000 08:13 5675438                    /usr/local/softwares/java/jdk-21.0.3/lib/libjimage.so
772846a6a000-772846a6c000 r--p 0001b000 08:13 5675438                    /usr/local/softwares/java/jdk-21.0.3/lib/libjimage.so
772846a6c000-772846a6d000 rw-p 0001d000 08:13 5675438                    /usr/local/softwares/java/jdk-21.0.3/lib/libjimage.so
772846a6d000-772846a6e000 r--p 00000000 08:13 5527975                    /usr/lib/x86_64-linux-gnu/librt.so.1
772846a6e000-772846a6f000 r-xp 00001000 08:13 5527975                    /usr/lib/x86_64-linux-gnu/librt.so.1
772846a6f000-772846a70000 r--p 00002000 08:13 5527975                    /usr/lib/x86_64-linux-gnu/librt.so.1
772846a70000-772846a71000 r--p 00002000 08:13 5527975                    /usr/lib/x86_64-linux-gnu/librt.so.1
772846a71000-772846a72000 rw-p 00003000 08:13 5527975                    /usr/lib/x86_64-linux-gnu/librt.so.1
772846a72000-772846a76000 rw-p 00000000 00:00 0 
772846a76000-772846a77000 r--p 00000000 08:13 5526972                    /usr/lib/x86_64-linux-gnu/libdl.so.2
772846a77000-772846a78000 r-xp 00001000 08:13 5526972                    /usr/lib/x86_64-linux-gnu/libdl.so.2
772846a78000-772846a79000 r--p 00002000 08:13 5526972                    /usr/lib/x86_64-linux-gnu/libdl.so.2
772846a79000-772846a7a000 r--p 00002000 08:13 5526972                    /usr/lib/x86_64-linux-gnu/libdl.so.2
772846a7a000-772846a7b000 rw-p 00003000 08:13 5526972                    /usr/lib/x86_64-linux-gnu/libdl.so.2
772846a7b000-772846a7c000 r--p 00000000 08:13 5527924                    /usr/lib/x86_64-linux-gnu/libpthread.so.0
772846a7c000-772846a7d000 r-xp 00001000 08:13 5527924                    /usr/lib/x86_64-linux-gnu/libpthread.so.0
772846a7d000-772846a7e000 r--p 00002000 08:13 5527924                    /usr/lib/x86_64-linux-gnu/libpthread.so.0
772846a7e000-772846a7f000 r--p 00002000 08:13 5527924                    /usr/lib/x86_64-linux-gnu/libpthread.so.0
772846a7f000-772846a80000 rw-p 00003000 08:13 5527924                    /usr/lib/x86_64-linux-gnu/libpthread.so.0
772846a80000-772846a8e000 r-xp 00000000 08:13 5675439                    /usr/local/softwares/java/jdk-21.0.3/lib/libjli.so
772846a8e000-772846a8f000 ---p 0000e000 08:13 5675439                    /usr/local/softwares/java/jdk-21.0.3/lib/libjli.so
772846a8f000-772846a90000 r--p 0000e000 08:13 5675439                    /usr/local/softwares/java/jdk-21.0.3/lib/libjli.so
772846a90000-772846a91000 rw-p 0000f000 08:13 5675439                    /usr/local/softwares/java/jdk-21.0.3/lib/libjli.so
772846a91000-772846a93000 r--p 00000000 08:13 5528368                    /usr/lib/x86_64-linux-gnu/libz.so.1.2.11
772846a93000-772846aa4000 r-xp 00002000 08:13 5528368                    /usr/lib/x86_64-linux-gnu/libz.so.1.2.11
772846aa4000-772846aaa000 r--p 00013000 08:13 5528368                    /usr/lib/x86_64-linux-gnu/libz.so.1.2.11
772846aaa000-772846aab000 ---p 00019000 08:13 5528368                    /usr/lib/x86_64-linux-gnu/libz.so.1.2.11
772846aab000-772846aac000 r--p 00019000 08:13 5528368                    /usr/lib/x86_64-linux-gnu/libz.so.1.2.11
772846aac000-772846aad000 rw-p 0001a000 08:13 5528368                    /usr/lib/x86_64-linux-gnu/libz.so.1.2.11
772846aae000-772846ab0000 r-xp 00000000 08:13 5675427                    /usr/local/softwares/java/jdk-21.0.3/lib/libextnet.so
772846ab0000-772846ab1000 r--p 00001000 08:13 5675427                    /usr/local/softwares/java/jdk-21.0.3/lib/libextnet.so
772846ab1000-772846ab2000 rw-p 00002000 08:13 5675427                    /usr/local/softwares/java/jdk-21.0.3/lib/libextnet.so
772846ab2000-772846abc000 r-xp 00000000 08:13 5675429                    /usr/local/softwares/java/jdk-21.0.3/lib/libinstrument.so
772846abc000-772846abd000 ---p 0000a000 08:13 5675429                    /usr/local/softwares/java/jdk-21.0.3/lib/libinstrument.so
772846abd000-772846abe000 r--p 0000a000 08:13 5675429                    /usr/local/softwares/java/jdk-21.0.3/lib/libinstrument.so
772846abe000-772846abf000 rw-p 0000b000 08:13 5675429                    /usr/local/softwares/java/jdk-21.0.3/lib/libinstrument.so
772846abf000-772846ac0000 ---p 00000000 00:00 0 
772846ac0000-772846ac1000 r--p 00000000 00:00 0 
772846ac1000-772846ac3000 rw-p 00000000 00:00 0 
772846ac3000-772846ac7000 r--p 00000000 00:00 0                          [vvar]
772846ac7000-772846ac9000 r-xp 00000000 00:00 0                          [vdso]
772846ac9000-772846acb000 r--p 00000000 08:13 5526448                    /usr/lib/x86_64-linux-gnu/ld-linux-x86-64.so.2
772846acb000-772846af5000 r-xp 00002000 08:13 5526448                    /usr/lib/x86_64-linux-gnu/ld-linux-x86-64.so.2
772846af5000-772846b00000 r--p 0002c000 08:13 5526448                    /usr/lib/x86_64-linux-gnu/ld-linux-x86-64.so.2
772846b00000-772846b01000 ---p 00000000 00:00 0 
772846b01000-772846b03000 r--p 00037000 08:13 5526448                    /usr/lib/x86_64-linux-gnu/ld-linux-x86-64.so.2
772846b03000-772846b05000 rw-p 00039000 08:13 5526448                    /usr/lib/x86_64-linux-gnu/ld-linux-x86-64.so.2
7ffc98aba000-7ffc98add000 rw-p 00000000 00:00 0                          [stack]
ffffffffff600000-ffffffffff601000 --xp 00000000 00:00 0                  [vsyscall]
Total number of mappings: 307


VM Arguments:
jvm_args: -agentlib:jdwp=transport=dt_socket,address=127.0.0.1:57265,suspend=y,server=n -javaagent:/home/manou/.local/share/JetBrains/Toolbox/apps/intellij-idea-community-edition/plugins/java/lib/rt/debugger-agent.jar -Dkotlinx.coroutines.debug.enable.creation.stack.trace=false -Ddebugger.agent.enable.coroutines=true -Dfile.encoding=UTF-8 -Dsun.stdout.encoding=UTF-8 -Dsun.stderr.encoding=UTF-8 
java_command: com.chu.canevas.CanevasApplication
java_class_path (initial): /home/manou/Documents/project_L3/canevas/target/classes:/home/manou/.m2/repository/org/springframework/boot/spring-boot-starter-data-jpa/3.3.4/spring-boot-starter-data-jpa-3.3.4.jar:/home/manou/.m2/repository/org/springframework/boot/spring-boot-starter-aop/3.3.4/spring-boot-starter-aop-3.3.4.jar:/home/manou/.m2/repository/org/aspectj/aspectjweaver/1.9.22.1/aspectjweaver-1.9.22.1.jar:/home/manou/.m2/repository/org/springframework/boot/spring-boot-starter-jdbc/3.3.4/spring-boot-starter-jdbc-3.3.4.jar:/home/manou/.m2/repository/com/zaxxer/HikariCP/5.1.0/HikariCP-5.1.0.jar:/home/manou/.m2/repository/org/springframework/spring-jdbc/6.1.13/spring-jdbc-6.1.13.jar:/home/manou/.m2/repository/org/hibernate/orm/hibernate-core/6.5.3.Final/hibernate-core-6.5.3.Final.jar:/home/manou/.m2/repository/jakarta/persistence/jakarta.persistence-api/3.1.0/jakarta.persistence-api-3.1.0.jar:/home/manou/.m2/repository/jakarta/transaction/jakarta.transaction-api/2.0.1/jakarta.transaction-api-2.0.1.jar:/home/manou/.m2/repository/org/jboss/logging/jboss-logging/3.5.3.Final/jboss-logging-3.5.3.Final.jar:/home/manou/.m2/repository/org/hibernate/common/hibernate-commons-annotations/6.0.6.Final/hibernate-commons-annotations-6.0.6.Final.jar:/home/manou/.m2/repository/io/smallrye/jandex/3.1.2/jandex-3.1.2.jar:/home/manou/.m2/repository/com/fasterxml/classmate/1.7.0/classmate-1.7.0.jar:/home/manou/.m2/repository/net/bytebuddy/byte-buddy/1.14.19/byte-buddy-1.14.19.jar:/home/manou/.m2/repository/org/glassfish/jaxb/jaxb-runtime/4.0.5/jaxb-runtime-4.0.5.jar:/home/manou/.m2/repository/org/glassfish/jaxb/jaxb-core/4.0.5/jaxb-core-4.0.5.jar:/home/manou/.m2/repository/org/eclipse/angus/angus-activation/2.0.2/angus-activation-2.0.2.jar:/home/manou/.m2/repository/org/glassfish/jaxb/txw2/4.0.5/txw2-4.0.5.jar:/home/manou/.m2/repository/com/sun/istack/istack-commons-runtime/4.1.2/istack-commons-runtime-4.1.2.jar:/home/manou/.m2/repository/jakarta/inject/jakarta.inject-api/2.0.1/jakarta.inject-api-2.0.1.jar:/home/manou/.m2/repository/org/antlr/antlr4-runtime/4.13.0/antlr4-runtime-4.13.0.jar:/home/manou/.m2/repository/org/springframework/data/spring-data-jpa/3.3.4/spring-data-jpa-3.3.4.jar:/home/manou/.m2/repository/org/springframework/data/spring-data-commons/3.3.4/spring-data-commons-3.3.4.jar:/home/manou/.m2/repository/org/springframework/spring-orm/6.1.13/spring-orm-6.1.13.jar:/home/manou/.m2/repository/org/springframework/spring-context/6.1.13/spring-context-6.1.13.jar:/home/manou/.m2/repository/org/springframework/spring-tx/6.1.13/spring-tx-6.1.13.jar:/home/manou/.m2/repository/org/springframework/spring-beans/6.1.13/spring-beans-6.1.13.jar:/home/manou/.m2/repository/jakarta/annotation/jakarta.annotation-api/2.1.1/jakarta.annotation-api-2.1.1.jar:/home/manou/.m2/repository/org/slf4j/slf4j-api/2.0.16/slf4j-api-2.0.16.jar:/home/manou/.m2/repository/org/springframework/spring-aspects/6.1.13/spring-aspects-6.1.13.jar:/home/manou/.m2/repository/org/springframework/boot/spring-boot-starter-security/3.3.4/spring-boot-starter-security-3.3.4.jar:/home/manou/.m2/repository/org/springframework/boot/spring-boot-starter/3.3.4/spring-boot-starter-3.3.4.jar:/home/manou/.m2/repository/org/springframework/boot/spring-boot-starter-logging/3.3.4/spring-boot-starter-logging-3.3.4.jar:/home/manou/.m2/repository/ch/qos/logback/logback-classic/1.5.8/logback-classic-1.5.8.jar:/home/manou/.m2/repository/ch/qos/logback/logback-core/1.5.8/logback-core-1.5.8.jar:/home/manou/.m2/repository/org/apache/logging/log4j/log4j-to-slf4j/2.23.1/log4j-to-slf4j-2.23.1.jar:/home/manou/.m2/repository/org/apache/logging/log4j/log4j-api/2.23.1/log4j-api-2.23.1.jar:/home/manou/.m2/repository/org/slf4j/jul-to-slf4j/2.0.16/jul-to-slf4j-2.0.16.jar:/home/manou/.m2/repository/org/yaml/snakeyaml/2.2/snakeyaml-2.2.jar:/home/manou/.m2/repository/org/springframework/spring-aop/6.1.13/spring-aop-6.1.13.jar:/home/manou/.m2/repository/org/springframework/security/spring-security-config/6.3.3/spring-security-config-6.3.3.jar:/home/manou/.m2/repository/org/springframework/security/spring-security-web/6.3.3/spring-security-web-6.3.3.jar:/home/manou/.m2/repository/org/springframework/spring-expression/6.1.13/spring-expression-6.1.13.jar:/home/manou/.m2/repository/org/springframework/boot/spring-boot-starter-web/3.3.4/spring-boot-starter-web-3.3.4.jar:/home/manou/.m2/repository/org/springframework/boot/spring-boot-starter-json/3.3.4/spring-boot-starter-json-3.3.4.jar:/home/manou/.m2/repository/com/fasterxml/jackson/datatype/jackson-datatype-jdk8/2.17.2/jackson-datatype-jdk8-2.17.2.jar:/home/manou/.m2/repository/com/fasterxml/jackson/datatype/jackson-datatype-jsr310/2.17.2/jackson-datatype-jsr310-2.17.2.jar:/home/manou/.m2/repository/com/fasterxml/jackson/module/jackson-module-parameter-names/2.17.2/jackson-module-parameter-names-2.17.2.jar:/home/manou/.m2/repository/org/springframework/boot/spring-boot-starter-tomcat/3.3.4/spring-boot-starter-tomcat-3.3.4.jar:/home/manou/.m2/repository/org/apache/tomcat/embed/tomcat-embed-core/10.1.30/tomcat-embed-core-10.1.30.jar:/home/manou/.m2/repository/org/apache/tomcat/embed/tomcat-embed-websocket/10.1.30/tomcat-embed-websocket-10.1.30.jar:/home/manou/.m2/repository/org/springframework/spring-web/6.1.13/spring-web-6.1.13.jar:/home/manou/.m2/repository/io/micrometer/micrometer-observation/1.13.4/micrometer-observation-1.13.4.jar:/home/manou/.m2/repository/io/micrometer/micrometer-commons/1.13.4/micrometer-commons-1.13.4.jar:/home/manou/.m2/repository/org/springframework/spring-webmvc/6.1.13/spring-webmvc-6.1.13.jar:/home/manou/.m2/repository/org/springframework/boot/spring-boot-starter-websocket/3.3.4/spring-boot-starter-websocket-3.3.4.jar:/home/manou/.m2/repository/org/springframework/spring-messaging/6.1.13/spring-messaging-6.1.13.jar:/home/manou/.m2/repository/org/springframework/spring-websocket/6.1.13/spring-websocket-6.1.13.jar:/home/manou/.m2/repository/org/springframework/boot/spring-boot-devtools/3.3.4/spring-boot-devtools-3.3.4.jar:/home/manou/.m2/repository/org/springframework/boot/spring-boot/3.3.4/spring-boot-3.3.4.jar:/home/manou/.m2/repository/org/springframework/boot/spring-boot-autoconfigure/3.3.4/spring-boot-autoconfigure-3.3.4.jar:/home/manou/.m2/repository/org/postgresql/postgresql/42.7.4/postgresql-42.7.4.jar:/home/manou/.m2/repository/org/checkerframework/checker-qual/3.42.0/checker-qual-3.42.0.jar:/home/manou/.m2/repository/org/projectlombok/lombok/1.18.34/lombok-1.18.34.jar:/home/manou/.m2/repository/jakarta/xml/bind/jakarta.xml.bind-api/4.0.2/jakarta.xml.bind-api-4.0.2.jar:/home/manou/.m2/repository/jakarta/activation/jakarta.activation-api/2.1.3/jakarta.activation-api-2.1.3.jar:/home/manou/.m2/repository/org/springframework/spring-core/6.1.13/spring-core-6.1.13.jar:/home/manou/.m2/repository/org/springframework/spring-jcl/6.1.13/spring-jcl-6.1.13.jar:/home/manou/.m2/repository/org/springframework/security/spring-security-core/6.3.3/spring-security-core-6.3.3.jar:/home/manou/.m2/repository/org/springframework/security/spring-security-crypto/6.3.3/spring-security-crypto-6.3.3.jar:/home/manou/.m2/repository/org/springframework/boot/spring-boot-starter-validation/3.3.4/spring-boot-starter-validation-3.3.4.jar:/home/manou/.m2/repository/org/apache/tomcat/embed/tomcat-embed-el/10.1.30/tomcat-embed-el-10.1.30.jar:/home/manou/.m2/repository/org/hibernate/validator/hibernate-validator/8.0.1.Final/hibernate-validator-8.0.1.Final.jar:/home/manou/.m2/repository/jakarta/validation/jakarta.validation-api/3.0.2/jakarta.validation-api-3.0.2.jar:/home/manou/.m2/repository/io/jsonwebtoken/jjwt-api/0.12.6/jjwt-api-0.12.6.jar:/home/manou/.m2/repository/io/jsonwebtoken/jjwt-impl/0.12.6/jjwt-impl-0.12.6.jar:/home/manou/.m2/repository/io/jsonwebtoken/jjwt-jackson/0.12.6/jjwt-jackson-0.12.6.jar:/home/manou/.m2/repository/com/fasterxml/jackson/core/jackson-databind/2.17.2/jackson-databind-2.17.2.jar:/home/manou/.m2/repository/com/fasterxml/jackson/core/jackson-annotations/2.17.2/jackson-annotations-2.17.2.jar:/home/manou/.m2/repository/com/fasterxml/jackson/core/jackson-core/2.17.2/jackson-core-2.17.2.jar:/home/manou/.m2/repository/com/google/zxing/core/3.4.1/core-3.4.1.jar:/home/manou/.m2/repository/com/google/zxing/javase/3.4.1/javase-3.4.1.jar:/home/manou/.m2/repository/com/beust/jcommander/1.78/jcommander-1.78.jar:/home/manou/.m2/repository/com/github/jai-imageio/jai-imageio-core/1.4.0/jai-imageio-core-1.4.0.jar:/home/manou/.local/share/JetBrains/Toolbox/apps/intellij-idea-community-edition/lib/idea_rt.jar
Launcher Type: SUN_STANDARD

[Global flags]
     intx CICompilerCount                          = 3                                         {product} {ergonomic}
     uint ConcGCThreads                            = 1                                         {product} {ergonomic}
     uint G1ConcRefinementThreads                  = 4                                         {product} {ergonomic}
   size_t G1HeapRegionSize                         = 1048576                                   {product} {ergonomic}
    uintx GCDrainStackTargetSize                   = 64                                        {product} {ergonomic}
   size_t InitialHeapSize                          = 130023424                                 {product} {ergonomic}
   size_t MarkStackSize                            = 4194304                                   {product} {ergonomic}
   size_t MaxHeapSize                              = 2053111808                                {product} {ergonomic}
   size_t MaxNewSize                               = 1231028224                                {product} {ergonomic}
   size_t MinHeapDeltaBytes                        = 1048576                                   {product} {ergonomic}
   size_t MinHeapSize                              = 8388608                                   {product} {ergonomic}
    uintx NonNMethodCodeHeapSize                   = 5832780                                {pd product} {ergonomic}
    uintx NonProfiledCodeHeapSize                  = 122912730                              {pd product} {ergonomic}
    uintx ProfiledCodeHeapSize                     = 122912730                              {pd product} {ergonomic}
    uintx ReservedCodeCacheSize                    = 251658240                              {pd product} {ergonomic}
     bool SegmentedCodeCache                       = true                                      {product} {ergonomic}
   size_t SoftMaxHeapSize                          = 2053111808                             {manageable} {ergonomic}
     bool UseCompressedOops                        = true                           {product lp64_product} {ergonomic}
     bool UseG1GC                                  = true                                      {product} {ergonomic}

Logging:
Log output configuration:
 #0: stdout all=warning uptime,level,tags foldmultilines=false
 #1: stderr all=off uptime,level,tags foldmultilines=false

Environment Variables:
JAVA_HOME=/usr/local/softwares/java/jdk-21.0.3
PATH=/opt/maven/bin:/usr/local/softwares/java/jdk-21.0.3/bin:/usr/local/sbin:/usr/local/bin:/usr/sbin:/usr/bin:/sbin:/bin:/usr/games:/usr/local/games:/snap/bin:/snap/bin:/home/manou/.local/share/JetBrains/Toolbox/scripts
USERNAME=manou
SHELL=/bin/bash
DISPLAY=:1
LANG=en_US.UTF-8
LC_NUMERIC=fr_FR.UTF-8
LC_TIME=fr_FR.UTF-8

Active Locale:
LC_ALL=LC_CTYPE=en_US.UTF-8;LC_NUMERIC=fr_FR.UTF-8;LC_TIME=fr_FR.UTF-8;LC_COLLATE=en_US.UTF-8;LC_MONETARY=fr_FR.UTF-8;LC_MESSAGES=en_US.UTF-8;LC_PAPER=fr_FR.UTF-8;LC_NAME=fr_FR.UTF-8;LC_ADDRESS=fr_FR.UTF-8;LC_TELEPHONE=fr_FR.UTF-8;LC_MEASUREMENT=fr_FR.UTF-8;LC_IDENTIFICATION=fr_FR.UTF-8
LC_COLLATE=en_US.UTF-8
LC_CTYPE=en_US.UTF-8
LC_MESSAGES=en_US.UTF-8
LC_MONETARY=fr_FR.UTF-8
LC_NUMERIC=fr_FR.UTF-8
LC_TIME=fr_FR.UTF-8

Signal Handlers:
   SIGSEGV: crash_handler in libjvm.so, mask=11100100010111111101111111111110, flags=SA_RESTART|SA_SIGINFO, unblocked
    SIGBUS: crash_handler in libjvm.so, mask=11100100010111111101111111111110, flags=SA_RESTART|SA_SIGINFO, unblocked
    SIGFPE: crash_handler in libjvm.so, mask=11100100010111111101111111111110, flags=SA_RESTART|SA_SIGINFO, unblocked
   SIGPIPE: javaSignalHandler in libjvm.so, mask=11100100010111111101111111111110, flags=SA_RESTART|SA_SIGINFO, blocked
   SIGXFSZ: javaSignalHandler in libjvm.so, mask=11100100010111111101111111111110, flags=SA_RESTART|SA_SIGINFO, blocked
    SIGILL: crash_handler in libjvm.so, mask=11100100010111111101111111111110, flags=SA_RESTART|SA_SIGINFO, unblocked
   SIGUSR2: SR_handler in libjvm.so, mask=00000000000000000000000000000000, flags=SA_RESTART|SA_SIGINFO, blocked
    SIGHUP: UserHandler in libjvm.so, mask=11100100010111111101111111111110, flags=SA_RESTART|SA_SIGINFO, blocked
    SIGINT: UserHandler in libjvm.so, mask=11100100010111111101111111111110, flags=SA_RESTART|SA_SIGINFO, blocked
   SIGTERM: UserHandler in libjvm.so, mask=11100100010111111101111111111110, flags=SA_RESTART|SA_SIGINFO, blocked
   SIGQUIT: UserHandler in libjvm.so, mask=11100100010111111101111111111110, flags=SA_RESTART|SA_SIGINFO, blocked
   SIGTRAP: crash_handler in libjvm.so, mask=11100100010111111101111111111110, flags=SA_RESTART|SA_SIGINFO, unblocked


Periodic native trim disabled

---------------  S Y S T E M  ---------------

OS:
DISTRIB_ID=Pop
DISTRIB_RELEASE=22.04
DISTRIB_CODENAME=jammy
DISTRIB_DESCRIPTION="Pop!_OS 22.04 LTS"
uname: Linux 6.9.3-76060903-generic #202405300957~1726766035~22.04~4092a0e SMP PREEMPT_DYNAMIC Thu S x86_64
OS uptime: 0 days 1:52 hours
libc: glibc 2.35 NPTL 2.35 
rlimit (soft/hard): STACK 8192k/infinity , CORE 0k/infinity , NPROC 30982/30982 , NOFILE 1048576/1048576 , AS infinity/infinity , CPU infinity/infinity , DATA infinity/infinity , FSIZE infinity/infinity , MEMLOCK 1002412k/1002412k
load average: 2,85 1,81 1,52

/proc/meminfo:
MemTotal:        8019316 kB
MemFree:          707448 kB
MemAvailable:    2254392 kB
Buffers:           33812 kB
Cached:          2516076 kB
SwapCached:         1196 kB
Active:          3570168 kB
Inactive:        2685884 kB
Active(anon):    2972400 kB
Inactive(anon):  1291044 kB
Active(file):     597768 kB
Inactive(file):  1394840 kB
Unevictable:      446924 kB
Mlocked:              36 kB
SwapTotal:       8018940 kB
SwapFree:        7447292 kB
Zswap:                 0 kB
Zswapped:              0 kB
Dirty:               628 kB
Writeback:             0 kB
AnonPages:       4152188 kB
Mapped:          1257092 kB
Shmem:            557144 kB
KReclaimable:     108864 kB
Slab:             251552 kB
SReclaimable:     108864 kB
SUnreclaim:       142688 kB
KernelStack:       20352 kB
PageTables:        57952 kB
SecPageTables:         0 kB
NFS_Unstable:          0 kB
Bounce:                0 kB
WritebackTmp:          0 kB
CommitLimit:    12028596 kB
Committed_AS:   12553128 kB
VmallocTotal:   34359738367 kB
VmallocUsed:       99776 kB
VmallocChunk:          0 kB
Percpu:             3904 kB
HardwareCorrupted:     0 kB
AnonHugePages:     14336 kB
ShmemHugePages:   493568 kB
ShmemPmdMapped:        0 kB
FileHugePages:         0 kB
FilePmdMapped:         0 kB
Unaccepted:            0 kB
HugePages_Total:       0
HugePages_Free:        0
HugePages_Rsvd:        0
HugePages_Surp:        0
Hugepagesize:       2048 kB
Hugetlb:               0 kB
DirectMap4k:      153408 kB
DirectMap2M:     3928064 kB
DirectMap1G:     5242880 kB

/sys/kernel/mm/transparent_hugepage/enabled: always [madvise] never
/sys/kernel/mm/transparent_hugepage/defrag (defrag/compaction efforts parameter): always defer defer+madvise [madvise] never

Process Memory:
Virtual Size: 5582200K (peak: 5582200K)
Resident Set Size: 304240K (peak: 304240K) (anon: 278896K, file: 25344K, shmem: 0K)
Swapped out: 0K
C-Heap outstanding allocations: 133073K, retained: 12322K
glibc malloc tunables: (default)

/proc/sys/kernel/threads-max (system-wide limit on the number of threads): 61964
/proc/sys/vm/max_map_count (maximum number of memory map areas a process may have): 2147483642
/proc/sys/kernel/pid_max (system-wide limit on number of process identifiers): 4194304

container (cgroup) information:
container_type: cgroupv2
cpu_cpuset_cpus: not supported
cpu_memory_nodes: not supported
active_processor_count: 4
cpu_quota: not supported
cpu_period: not supported
cpu_shares: not supported
memory_limit_in_bytes: unlimited
memory_and_swap_limit_in_bytes: unlimited
memory_soft_limit_in_bytes: unlimited
memory_usage_in_bytes: 2811232 k
memory_max_usage_in_bytes: not supported
memory_swap_current_in_bytes: 191824 k
memory_swap_max_limit_in_bytes: unlimited
maximum number of tasks: 9294
current number of tasks: 146

Steal ticks since vm start: 0
Steal ticks percentage since vm start:  0,000

CPU: total 4 (initial active 4) (4 cores per cpu, 1 threads per core) family 6 model 94 stepping 3 microcode 0xf0, cx8, cmov, fxsr, mmx, 3dnowpref, sse, sse2, sse3, ssse3, sse4.1, sse4.2, popcnt, lzcnt, tsc, tscinvbit, avx, avx2, aes, erms, clmul, bmi1, bmi2, adx, fma, vzeroupper, clflush, clflushopt, rdtscp, f16c
CPU Model and flags from /proc/cpuinfo:
model name	: Intel(R) Core(TM) i5-6300HQ CPU @ 2.30GHz
flags		: fpu vme de pse tsc msr pae mce cx8 apic sep mtrr pge mca cmov pat pse36 clflush dts acpi mmx fxsr sse sse2 ss ht tm pbe syscall nx pdpe1gb rdtscp lm constant_tsc art arch_perfmon pebs bts rep_good nopl xtopology nonstop_tsc cpuid aperfmperf pni pclmulqdq dtes64 monitor ds_cpl vmx est tm2 ssse3 sdbg fma cx16 xtpr pdcm pcid sse4_1 sse4_2 x2apic movbe popcnt tsc_deadline_timer aes xsave avx f16c rdrand lahf_lm abm 3dnowprefetch cpuid_fault epb pti ssbd ibrs ibpb stibp tpr_shadow flexpriority ept vpid ept_ad fsgsbase tsc_adjust bmi1 avx2 smep bmi2 erms invpcid mpx rdseed adx smap clflushopt intel_pt xsaveopt xsavec xgetbv1 xsaves dtherm ida arat pln pts hwp hwp_notify hwp_act_window hwp_epp vnmi md_clear flush_l1d arch_capabilities

Online cpus: 0-3
Offline cpus: 
BIOS frequency limitation: <Not Available>
Frequency switch latency (ns): 0
Available cpu frequencies: <Not Available>
Current governor: powersave
Core performance/turbo boost: <Not Available>

Memory: 4k page, physical 8019316k(2254392k free), swap 8018940k(7447292k free)
Page Sizes: 4k

vm_info: Java HotSpot(TM) 64-Bit Server VM (21.0.3+7-LTS-152) for linux-amd64 JRE (21.0.3+7-LTS-152), built on 2024-03-11T17:42:26Z by "mach5one" with gcc 11.2.0

END.
